INFO  2022-07-20 15:26:36[restartedMain] [VirtualAssetWebServerApplication:55] - Starting VirtualAssetWebServerApplication using Java 17.0.2 on Desktop-MainPC with PID 3684 (C:\Users\tt040\git\DAO-Project\VirtualAsset-WebServer\virtualAssetWebServer\target\classes started by tt040 in C:\Users\tt040\git\DAO-Project\VirtualAsset-WebServer\virtualAssetWebServer)
INFO  2022-07-20 15:26:36[restartedMain] [VirtualAssetWebServerApplication:641] - The following profiles are active: prod
INFO  2022-07-20 15:26:36[restartedMain] [TomcatWebServer:108] - Tomcat initialized with port(s): 8080 (http)
INFO  2022-07-20 15:26:36[restartedMain] [Http11NioProtocol:173] - Initializing ProtocolHandler ["http-nio-8080"]
INFO  2022-07-20 15:26:36[restartedMain] [StandardService:173] - Starting service [Tomcat]
INFO  2022-07-20 15:26:36[restartedMain] [StandardEngine:173] - Starting Servlet engine: [Apache Tomcat/9.0.56]
INFO  2022-07-20 15:26:36[restartedMain] [[/]:173] - Initializing Spring embedded WebApplicationContext
INFO  2022-07-20 15:26:36[restartedMain] [ServletWebServerApplicationContext:290] - Root WebApplicationContext: initialization completed in 195 ms
INFO  2022-07-20 15:26:37[restartedMain] [WelcomePageHandlerMapping:53] - Adding welcome page: class path resource [static/index.html]
INFO  2022-07-20 15:26:37[restartedMain] [OptionalLiveReloadServer:58] - LiveReload server is running on port 35729
INFO  2022-07-20 15:26:37[restartedMain] [ConsumerConfig:376] - ConsumerConfig values: 
	allow.auto.create.topics = true
	auto.commit.interval.ms = 5000
	auto.offset.reset = latest
	bootstrap.servers = [223.194.70.105:33233]
	check.crcs = true
	client.dns.lookup = use_all_dns_ips
	client.id = consumer-그룹1-8
	client.rack = 
	connections.max.idle.ms = 540000
	default.api.timeout.ms = 60000
	enable.auto.commit = false
	exclude.internal.topics = true
	fetch.max.bytes = 52428800
	fetch.max.wait.ms = 500
	fetch.min.bytes = 1
	group.id = 그룹1
	group.instance.id = null
	heartbeat.interval.ms = 3000
	interceptor.classes = []
	internal.leave.group.on.close = true
	internal.throw.on.fetch.stable.offset.unsupported = false
	isolation.level = read_uncommitted
	key.deserializer = class org.apache.kafka.common.serialization.StringDeserializer
	max.partition.fetch.bytes = 1048576
	max.poll.interval.ms = 300000
	max.poll.records = 500
	metadata.max.age.ms = 300000
	metric.reporters = []
	metrics.num.samples = 2
	metrics.recording.level = INFO
	metrics.sample.window.ms = 30000
	partition.assignment.strategy = [class org.apache.kafka.clients.consumer.RangeAssignor, class org.apache.kafka.clients.consumer.CooperativeStickyAssignor]
	receive.buffer.bytes = 65536
	reconnect.backoff.max.ms = 1000
	reconnect.backoff.ms = 50
	request.timeout.ms = 30000
	retry.backoff.ms = 100
	sasl.client.callback.handler.class = null
	sasl.jaas.config = null
	sasl.kerberos.kinit.cmd = /usr/bin/kinit
	sasl.kerberos.min.time.before.relogin = 60000
	sasl.kerberos.service.name = null
	sasl.kerberos.ticket.renew.jitter = 0.05
	sasl.kerberos.ticket.renew.window.factor = 0.8
	sasl.login.callback.handler.class = null
	sasl.login.class = null
	sasl.login.refresh.buffer.seconds = 300
	sasl.login.refresh.min.period.seconds = 60
	sasl.login.refresh.window.factor = 0.8
	sasl.login.refresh.window.jitter = 0.05
	sasl.mechanism = GSSAPI
	security.protocol = PLAINTEXT
	security.providers = null
	send.buffer.bytes = 131072
	session.timeout.ms = 45000
	socket.connection.setup.timeout.max.ms = 30000
	socket.connection.setup.timeout.ms = 10000
	ssl.cipher.suites = null
	ssl.enabled.protocols = [TLSv1.2, TLSv1.3]
	ssl.endpoint.identification.algorithm = https
	ssl.engine.factory.class = null
	ssl.key.password = null
	ssl.keymanager.algorithm = SunX509
	ssl.keystore.certificate.chain = null
	ssl.keystore.key = null
	ssl.keystore.location = null
	ssl.keystore.password = null
	ssl.keystore.type = JKS
	ssl.protocol = TLSv1.3
	ssl.provider = null
	ssl.secure.random.implementation = null
	ssl.trustmanager.algorithm = PKIX
	ssl.truststore.certificates = null
	ssl.truststore.location = null
	ssl.truststore.password = null
	ssl.truststore.type = JKS
	value.deserializer = class org.springframework.kafka.support.serializer.ErrorHandlingDeserializer

INFO  2022-07-20 15:26:37[restartedMain] [AppInfoParser:119] - Kafka version: 3.0.0
INFO  2022-07-20 15:26:37[restartedMain] [AppInfoParser:120] - Kafka commitId: 8cb0a5e9d3441962
INFO  2022-07-20 15:26:37[restartedMain] [AppInfoParser:121] - Kafka startTimeMs: 1658298397178
INFO  2022-07-20 15:26:37[restartedMain] [KafkaConsumer:966] - [Consumer clientId=consumer-그룹1-8, groupId=그룹1] Subscribed to topic(s): channel-chat
INFO  2022-07-20 15:26:37[restartedMain] [Http11NioProtocol:173] - Starting ProtocolHandler ["http-nio-8080"]
INFO  2022-07-20 15:26:37[restartedMain] [TomcatWebServer:220] - Tomcat started on port(s): 8080 (http) with context path ''
INFO  2022-07-20 15:26:37[restartedMain] [SimpleBrokerMessageHandler:137] - Starting...
INFO  2022-07-20 15:26:37[restartedMain] [SimpleBrokerMessageHandler:137] - BrokerAvailabilityEvent[available=true, SimpleBrokerMessageHandler [org.springframework.messaging.simp.broker.DefaultSubscriptionRegistry@30349e7d]]
INFO  2022-07-20 15:26:37[restartedMain] [SimpleBrokerMessageHandler:137] - Started.
INFO  2022-07-20 15:26:37[restartedMain] [VirtualAssetWebServerApplication:61] - Started VirtualAssetWebServerApplication in 0.467 seconds (JVM running for 11820.545)
INFO  2022-07-20 15:26:37[restartedMain] [ConditionEvaluationDeltaLoggingListener:63] - Condition evaluation unchanged
INFO  2022-07-20 15:26:37[org.springframework.kafka.KafkaListenerEndpointContainer#0-0-C-1] [Metadata:287] - [Consumer clientId=consumer-그룹1-8, groupId=그룹1] Cluster ID: R-4kZ6JRTMq3W1cemP21eA
INFO  2022-07-20 15:26:37[org.springframework.kafka.KafkaListenerEndpointContainer#0-0-C-1] [ConsumerCoordinator:849] - [Consumer clientId=consumer-그룹1-8, groupId=그룹1] Discovered group coordinator 223.194.70.105:33233 (id: 2147483646 rack: null)
INFO  2022-07-20 15:26:37[org.springframework.kafka.KafkaListenerEndpointContainer#0-0-C-1] [ConsumerCoordinator:535] - [Consumer clientId=consumer-그룹1-8, groupId=그룹1] (Re-)joining group
INFO  2022-07-20 15:26:37[org.springframework.kafka.KafkaListenerEndpointContainer#0-0-C-1] [ConsumerCoordinator:988] - [Consumer clientId=consumer-그룹1-8, groupId=그룹1] Request joining group due to: need to re-join with the given member-id
INFO  2022-07-20 15:26:37[org.springframework.kafka.KafkaListenerEndpointContainer#0-0-C-1] [ConsumerCoordinator:535] - [Consumer clientId=consumer-그룹1-8, groupId=그룹1] (Re-)joining group
INFO  2022-07-20 15:26:37[http-nio-8080-exec-1] [[/]:173] - Initializing Spring DispatcherServlet 'dispatcherServlet'
INFO  2022-07-20 15:26:37[http-nio-8080-exec-1] [DispatcherServlet:525] - Initializing Servlet 'dispatcherServlet'
INFO  2022-07-20 15:26:37[http-nio-8080-exec-1] [DispatcherServlet:547] - Completed initialization in 1 ms
INFO  2022-07-20 15:26:40[org.springframework.kafka.KafkaListenerEndpointContainer#0-0-C-1] [ConsumerCoordinator:591] - [Consumer clientId=consumer-그룹1-8, groupId=그룹1] Successfully joined group with generation Generation{generationId=33, memberId='consumer-그룹1-8-ddf2e2c1-9782-4336-a32d-1ab85282378c', protocol='range'}
INFO  2022-07-20 15:26:40[org.springframework.kafka.KafkaListenerEndpointContainer#0-0-C-1] [ConsumerCoordinator:626] - [Consumer clientId=consumer-그룹1-8, groupId=그룹1] Finished assignment for group at generation 33: {consumer-그룹1-8-ddf2e2c1-9782-4336-a32d-1ab85282378c=Assignment(partitions=[channel-chat-0])}
INFO  2022-07-20 15:26:40[org.springframework.kafka.KafkaListenerEndpointContainer#0-0-C-1] [ConsumerCoordinator:757] - [Consumer clientId=consumer-그룹1-8, groupId=그룹1] Successfully synced group in generation Generation{generationId=33, memberId='consumer-그룹1-8-ddf2e2c1-9782-4336-a32d-1ab85282378c', protocol='range'}
INFO  2022-07-20 15:26:40[org.springframework.kafka.KafkaListenerEndpointContainer#0-0-C-1] [ConsumerCoordinator:276] - [Consumer clientId=consumer-그룹1-8, groupId=그룹1] Notifying assignor about the new Assignment(partitions=[channel-chat-0])
INFO  2022-07-20 15:26:40[org.springframework.kafka.KafkaListenerEndpointContainer#0-0-C-1] [ConsumerCoordinator:288] - [Consumer clientId=consumer-그룹1-8, groupId=그룹1] Adding newly assigned partitions: channel-chat-0
INFO  2022-07-20 15:26:40[org.springframework.kafka.KafkaListenerEndpointContainer#0-0-C-1] [ConsumerCoordinator:818] - [Consumer clientId=consumer-그룹1-8, groupId=그룹1] Setting offset for partition channel-chat-0 to the committed offset FetchPosition{offset=130, offsetEpoch=Optional.empty, currentLeader=LeaderAndEpoch{leader=Optional[223.194.70.105:33233 (id: 1 rack: null)], epoch=0}}
INFO  2022-07-20 15:26:40[org.springframework.kafka.KafkaListenerEndpointContainer#0-0-C-1] [KafkaMessageListenerContainer:292] - 그룹1: partitions assigned: [channel-chat-0]
INFO  2022-07-20 15:27:37[MessageBroker-5] [WebSocketMessageBrokerStats:128] - WebSocketSession[2 current WS(2)-HttpStream(0)-HttpPoll(0), 2 total, 0 closed abnormally (0 connect failure, 0 send limit, 0 transport error)], stompSubProtocol[processed CONNECT(2)-CONNECTED(2)-DISCONNECT(0)], stompBrokerRelay[null], inboundChannel[pool size = 12, active threads = 0, queued tasks = 0, completed tasks = 12], outboundChannel[pool size = 2, active threads = 0, queued tasks = 0, completed tasks = 2], sockJsScheduler[pool size = 16, active threads = 1, queued tasks = 3, completed tasks = 16]
INFO  2022-07-20 15:28:02[http-nio-8080-exec-4] [HikariDataSource:110] - HikariPool-2 - Starting...
INFO  2022-07-20 15:28:03[http-nio-8080-exec-4] [HikariDataSource:123] - HikariPool-2 - Start completed.
INFO  2022-07-20 15:28:04[http-nio-8080-exec-5] [TestController:129] - 46
INFO  2022-07-20 15:28:16[http-nio-8080-exec-6] [TestController:129] - 16
INFO  2022-07-20 15:28:23[http-nio-8080-exec-7] [TestController:129] - 3
INFO  2022-07-20 15:29:44[http-nio-8080-exec-10] [TestController:129] - 46
INFO  2022-07-20 15:29:46[http-nio-8080-exec-3] [TestController:129] - 16
INFO  2022-07-20 15:29:48[http-nio-8080-exec-2] [TestController:129] - 3
INFO  2022-07-20 15:29:53[http-nio-8080-exec-4] [TestController:129] - 46
INFO  2022-07-20 15:29:56[http-nio-8080-exec-5] [TestController:129] - 16
INFO  2022-07-20 15:29:58[http-nio-8080-exec-6] [TestController:129] - 3
INFO  2022-07-20 15:30:07[http-nio-8080-exec-8] [TestController:129] - 46
INFO  2022-07-20 15:30:49[http-nio-8080-exec-2] [TestController:129] - 46
INFO  2022-07-20 15:30:51[http-nio-8080-exec-1] [TestController:129] - 16
INFO  2022-07-20 15:30:52[http-nio-8080-exec-4] [TestController:129] - 3
INFO  2022-07-20 15:31:43[http-nio-8080-exec-7] [TestController:129] - 46
INFO  2022-07-20 15:31:45[http-nio-8080-exec-8] [TestController:129] - 16
INFO  2022-07-20 15:31:46[http-nio-8080-exec-9] [TestController:129] - 3
INFO  2022-07-20 15:32:27[http-nio-8080-exec-3] [TestController:129] - 46
INFO  2022-07-20 15:32:34[http-nio-8080-exec-2] [TestController:129] - 16
INFO  2022-07-20 15:32:36[http-nio-8080-exec-1] [TestController:129] - 3
INFO  2022-07-20 15:35:20[http-nio-8080-exec-6] [TestController:129] - 46
INFO  2022-07-20 15:35:22[http-nio-8080-exec-7] [TestController:129] - 16
INFO  2022-07-20 15:35:23[http-nio-8080-exec-8] [TestController:129] - 3
INFO  2022-07-20 15:35:35[http-nio-8080-exec-3] [TestController:129] - 46
INFO  2022-07-20 15:35:37[http-nio-8080-exec-2] [TestController:129] - 16
INFO  2022-07-20 15:35:38[http-nio-8080-exec-1] [TestController:129] - 3
INFO  2022-07-20 15:45:43[http-nio-8080-exec-10] [TestController:129] - 46
INFO  2022-07-20 15:45:44[http-nio-8080-exec-3] [TestController:129] - 16
INFO  2022-07-20 15:45:44[http-nio-8080-exec-2] [TestController:129] - 3
INFO  2022-07-20 15:55:50[http-nio-8080-exec-2] [TestController:129] - 46
INFO  2022-07-20 15:55:57[http-nio-8080-exec-1] [TestController:129] - 16
INFO  2022-07-20 15:56:36[http-nio-8080-exec-4] [TestController:129] - 3
INFO  2022-07-20 15:56:45[http-nio-8080-exec-6] [TestController:129] - 46
INFO  2022-07-20 15:57:37[MessageBroker-8] [WebSocketMessageBrokerStats:128] - WebSocketSession[1 current WS(1)-HttpStream(0)-HttpPoll(0), 3 total, 0 closed abnormally (0 connect failure, 0 send limit, 0 transport error)], stompSubProtocol[processed CONNECT(3)-CONNECTED(3)-DISCONNECT(2)], stompBrokerRelay[null], inboundChannel[pool size = 0, active threads = 0, queued tasks = 0, completed tasks = 36], outboundChannel[pool size = 0, active threads = 0, queued tasks = 0, completed tasks = 7], sockJsScheduler[pool size = 16, active threads = 1, queued tasks = 2, completed tasks = 473]
INFO  2022-07-20 16:02:31[http-nio-8080-exec-9] [TestController:129] - 16
INFO  2022-07-20 16:02:34[http-nio-8080-exec-10] [TestController:129] - 3
INFO  2022-07-20 16:02:38[http-nio-8080-exec-2] [TestController:129] - 46
INFO  2022-07-20 16:03:14[http-nio-8080-exec-1] [TestController:129] - 16
INFO  2022-07-20 16:03:16[http-nio-8080-exec-4] [TestController:129] - 3
INFO  2022-07-20 16:03:30[http-nio-8080-exec-6] [TestController:129] - 46
INFO  2022-07-20 16:04:30[http-nio-8080-exec-9] [TestController:129] - 46
INFO  2022-07-20 16:05:05[http-nio-8080-exec-10] [TestController:129] - 16
INFO  2022-07-20 16:05:35[http-nio-8080-exec-2] [TestController:129] - 46
INFO  2022-07-20 16:08:22[http-nio-8080-exec-9] [TestController:129] - 46
INFO  2022-07-20 16:08:26[http-nio-8080-exec-10] [TestController:129] - 16
INFO  2022-07-20 16:08:28[http-nio-8080-exec-3] [TestController:129] - 3
INFO  2022-07-20 16:10:47[http-nio-8080-exec-4] [TestController:129] - 46
INFO  2022-07-20 16:10:48[http-nio-8080-exec-5] [TestController:129] - 16
INFO  2022-07-20 16:10:50[http-nio-8080-exec-6] [TestController:129] - 3
INFO  2022-07-20 16:16:17[http-nio-8080-exec-3] [TestController:129] - 46
INFO  2022-07-20 16:16:19[http-nio-8080-exec-2] [TestController:129] - 16
INFO  2022-07-20 16:16:21[http-nio-8080-exec-1] [TestController:129] - 3
INFO  2022-07-20 16:27:14[http-nio-8080-exec-6] [TestController:129] - 46
INFO  2022-07-20 16:27:16[http-nio-8080-exec-7] [TestController:129] - 16
INFO  2022-07-20 16:27:17[http-nio-8080-exec-8] [TestController:129] - 3
INFO  2022-07-20 16:27:33[http-nio-8080-exec-10] [TestController:129] - 46
INFO  2022-07-20 16:27:35[http-nio-8080-exec-3] [TestController:129] - 16
INFO  2022-07-20 16:27:36[http-nio-8080-exec-2] [TestController:129] - 3
INFO  2022-07-20 16:27:37[MessageBroker-2] [WebSocketMessageBrokerStats:128] - WebSocketSession[3 current WS(3)-HttpStream(0)-HttpPoll(0), 7 total, 0 closed abnormally (0 connect failure, 0 send limit, 0 transport error)], stompSubProtocol[processed CONNECT(7)-CONNECTED(7)-DISCONNECT(2)], stompBrokerRelay[null], inboundChannel[pool size = 6, active threads = 0, queued tasks = 0, completed tasks = 66], outboundChannel[pool size = 1, active threads = 0, queued tasks = 0, completed tasks = 13], sockJsScheduler[pool size = 16, active threads = 1, queued tasks = 4, completed tasks = 957]
INFO  2022-07-20 16:28:10[http-nio-8080-exec-6] [TestController:129] - 46
INFO  2022-07-20 16:28:47[http-nio-8080-exec-9] [TestController:129] - 16
INFO  2022-07-20 16:28:47[http-nio-8080-exec-10] [TestController:129] - 3
INFO  2022-07-20 16:29:02[http-nio-8080-exec-2] [TestController:129] - 46
INFO  2022-07-20 16:29:02[http-nio-8080-exec-1] [TestController:129] - 46
INFO  2022-07-20 16:29:02[http-nio-8080-exec-4] [TestController:129] - 46
INFO  2022-07-20 16:29:02[http-nio-8080-exec-5] [TestController:129] - 46
INFO  2022-07-20 16:29:02[http-nio-8080-exec-6] [TestController:129] - 46
INFO  2022-07-20 16:29:02[http-nio-8080-exec-7] [TestController:129] - 46
INFO  2022-07-20 16:29:02[http-nio-8080-exec-8] [TestController:129] - 46
INFO  2022-07-20 16:29:02[http-nio-8080-exec-9] [TestController:129] - 46
INFO  2022-07-20 16:29:02[http-nio-8080-exec-10] [TestController:129] - 46
INFO  2022-07-20 16:29:02[http-nio-8080-exec-3] [TestController:129] - 46
INFO  2022-07-20 16:29:07[http-nio-8080-exec-1] [TestController:129] - 46
INFO  2022-07-20 16:29:07[http-nio-8080-exec-4] [TestController:129] - 46
INFO  2022-07-20 16:29:07[http-nio-8080-exec-5] [TestController:129] - 46
INFO  2022-07-20 16:29:10[http-nio-8080-exec-6] [TestController:129] - 16
INFO  2022-07-20 16:29:10[http-nio-8080-exec-7] [TestController:129] - 16
INFO  2022-07-20 16:29:10[http-nio-8080-exec-8] [TestController:129] - 16
INFO  2022-07-20 16:29:10[http-nio-8080-exec-9] [TestController:129] - 3
INFO  2022-07-20 16:29:10[http-nio-8080-exec-3] [TestController:129] - 3
INFO  2022-07-20 16:34:30[http-nio-8080-exec-9] [TestController:129] - 46
INFO  2022-07-20 16:34:31[http-nio-8080-exec-10] [TestController:129] - 16
INFO  2022-07-20 16:34:31[http-nio-8080-exec-3] [TestController:129] - 3
INFO  2022-07-20 16:35:03[http-nio-8080-exec-6] [TestController:129] - 46
INFO  2022-07-20 16:35:04[http-nio-8080-exec-4] [TestController:129] - 16
INFO  2022-07-20 16:35:05[http-nio-8080-exec-7] [TestController:129] - 3
INFO  2022-07-20 16:37:01[http-nio-8080-exec-9] [TestController:129] - 46
INFO  2022-07-20 16:37:04[http-nio-8080-exec-10] [TestController:129] - 16
INFO  2022-07-20 16:37:04[http-nio-8080-exec-3] [TestController:129] - 3
INFO  2022-07-20 16:37:11[http-nio-8080-exec-5] [TestController:129] - 46
INFO  2022-07-20 16:37:12[http-nio-8080-exec-2] [TestController:129] - 16
INFO  2022-07-20 16:37:13[http-nio-8080-exec-6] [TestController:129] - 3
INFO  2022-07-20 16:37:17[http-nio-8080-exec-7] [TestController:129] - 46
INFO  2022-07-20 16:37:18[http-nio-8080-exec-8] [TestController:129] - 16
INFO  2022-07-20 16:37:18[http-nio-8080-exec-9] [TestController:129] - 3
INFO  2022-07-20 16:38:08[http-nio-8080-exec-1] [TestController:129] - 46
INFO  2022-07-20 16:38:10[http-nio-8080-exec-5] [TestController:129] - 16
INFO  2022-07-20 16:38:11[http-nio-8080-exec-2] [TestController:129] - 3
INFO  2022-07-20 16:38:31[http-nio-8080-exec-4] [TestController:129] - 46
INFO  2022-07-20 16:38:32[http-nio-8080-exec-7] [TestController:129] - 16
INFO  2022-07-20 16:38:32[http-nio-8080-exec-8] [TestController:129] - 3
INFO  2022-07-20 16:38:37[http-nio-8080-exec-10] [TestController:129] - 46
INFO  2022-07-20 16:38:38[http-nio-8080-exec-3] [TestController:129] - 16
INFO  2022-07-20 16:38:39[http-nio-8080-exec-1] [TestController:129] - 3
INFO  2022-07-20 16:39:11[http-nio-8080-exec-1] [TestController:129] - 46
INFO  2022-07-20 16:39:13[http-nio-8080-exec-5] [TestController:129] - 16
INFO  2022-07-20 16:39:17[http-nio-8080-exec-6] [TestController:129] - 46
INFO  2022-07-20 16:39:18[http-nio-8080-exec-4] [TestController:129] - 16
INFO  2022-07-20 16:39:19[http-nio-8080-exec-7] [TestController:129] - 3
INFO  2022-07-20 16:39:23[http-nio-8080-exec-9] [TestController:129] - 46
INFO  2022-07-20 16:39:24[http-nio-8080-exec-10] [TestController:129] - 16
INFO  2022-07-20 16:39:25[http-nio-8080-exec-3] [TestController:129] - 3
INFO  2022-07-20 16:39:40[http-nio-8080-exec-6] [TestController:129] - 46
INFO  2022-07-20 16:39:41[http-nio-8080-exec-4] [TestController:129] - 16
INFO  2022-07-20 16:39:42[http-nio-8080-exec-7] [TestController:129] - 3
INFO  2022-07-20 16:39:46[http-nio-8080-exec-9] [TestController:129] - 46
INFO  2022-07-20 16:39:46[http-nio-8080-exec-10] [TestController:129] - 16
INFO  2022-07-20 16:39:47[http-nio-8080-exec-3] [TestController:129] - 3
INFO  2022-07-20 16:39:52[http-nio-8080-exec-5] [TestController:129] - 46
INFO  2022-07-20 16:39:52[http-nio-8080-exec-2] [TestController:129] - 16
INFO  2022-07-20 16:39:53[http-nio-8080-exec-6] [TestController:129] - 3
INFO  2022-07-20 16:46:42[http-nio-8080-exec-1] [TestController:129] - 46
INFO  2022-07-20 16:46:44[http-nio-8080-exec-5] [TestController:129] - 16
INFO  2022-07-20 16:46:45[http-nio-8080-exec-2] [TestController:129] - 3
INFO  2022-07-20 16:48:59[http-nio-8080-exec-8] [TestController:129] - 46
INFO  2022-07-20 16:49:01[http-nio-8080-exec-9] [TestController:129] - 16
INFO  2022-07-20 16:49:01[http-nio-8080-exec-10] [TestController:129] - 3
INFO  2022-07-20 16:49:04[http-nio-8080-exec-1] [TestController:129] - 46
INFO  2022-07-20 16:49:06[http-nio-8080-exec-5] [TestController:129] - 16
INFO  2022-07-20 16:49:06[http-nio-8080-exec-2] [TestController:129] - 3
INFO  2022-07-20 16:57:37[MessageBroker-7] [WebSocketMessageBrokerStats:128] - WebSocketSession[3 current WS(3)-HttpStream(0)-HttpPoll(0), 14 total, 0 closed abnormally (0 connect failure, 0 send limit, 1 transport error)], stompSubProtocol[processed CONNECT(14)-CONNECTED(14)-DISCONNECT(6)], stompBrokerRelay[null], inboundChannel[pool size = 0, active threads = 0, queued tasks = 0, completed tasks = 153], outboundChannel[pool size = 0, active threads = 0, queued tasks = 0, completed tasks = 31], sockJsScheduler[pool size = 16, active threads = 1, queued tasks = 4, completed tasks = 1478]
INFO  2022-07-20 17:25:56[http-nio-8080-exec-9] [TestController:129] - 46
INFO  2022-07-20 17:25:57[http-nio-8080-exec-10] [TestController:129] - 16
INFO  2022-07-20 17:25:57[http-nio-8080-exec-3] [TestController:129] - 3
INFO  2022-07-20 17:27:37[MessageBroker-10] [WebSocketMessageBrokerStats:128] - WebSocketSession[2 current WS(2)-HttpStream(0)-HttpPoll(0), 18 total, 0 closed abnormally (0 connect failure, 0 send limit, 2 transport error)], stompSubProtocol[processed CONNECT(18)-CONNECTED(18)-DISCONNECT(10)], stompBrokerRelay[null], inboundChannel[pool size = 0, active threads = 0, queued tasks = 0, completed tasks = 216], outboundChannel[pool size = 0, active threads = 0, queued tasks = 0, completed tasks = 44], sockJsScheduler[pool size = 16, active threads = 1, queued tasks = 3, completed tasks = 2016]
INFO  2022-07-20 17:30:51[http-nio-8080-exec-7] [TestController:129] - 46
INFO  2022-07-20 17:30:56[http-nio-8080-exec-8] [TestController:129] - 16
INFO  2022-07-20 17:30:57[http-nio-8080-exec-9] [TestController:129] - 3
INFO  2022-07-20 17:42:53[http-nio-8080-exec-2] [TestController:129] - 46
INFO  2022-07-20 17:44:14[http-nio-8080-exec-6] [TestController:129] - 46
INFO  2022-07-20 17:44:16[http-nio-8080-exec-8] [TestController:129] - 16
INFO  2022-07-20 17:44:17[http-nio-8080-exec-9] [TestController:129] - 3
INFO  2022-07-20 17:57:37[MessageBroker-7] [WebSocketMessageBrokerStats:128] - WebSocketSession[2 current WS(2)-HttpStream(0)-HttpPoll(0), 21 total, 0 closed abnormally (0 connect failure, 0 send limit, 2 transport error)], stompSubProtocol[processed CONNECT(21)-CONNECTED(21)-DISCONNECT(12)], stompBrokerRelay[null], inboundChannel[pool size = 0, active threads = 0, queued tasks = 0, completed tasks = 255], outboundChannel[pool size = 0, active threads = 0, queued tasks = 0, completed tasks = 52], sockJsScheduler[pool size = 16, active threads = 1, queued tasks = 3, completed tasks = 2520]
INFO  2022-07-20 17:59:23[http-nio-8080-exec-1] [Http11Processor:175] - Error parsing HTTP request header
 Note: further occurrences of HTTP request parsing errors will be logged at DEBUG level.
java.lang.IllegalArgumentException: Invalid character found in method name [\x01\x00\x00\x00 ]. HTTP method names must be tokens
	at org.apache.coyote.http11.Http11InputBuffer.parseRequestLine(Http11InputBuffer.java:419)
	at org.apache.coyote.http11.Http11Processor.service(Http11Processor.java:269)
	at org.apache.coyote.AbstractProcessorLight.process(AbstractProcessorLight.java:65)
	at org.apache.coyote.AbstractProtocol$ConnectionHandler.process(AbstractProtocol.java:895)
	at org.apache.tomcat.util.net.NioEndpoint$SocketProcessor.doRun(NioEndpoint.java:1732)
	at org.apache.tomcat.util.net.SocketProcessorBase.run(SocketProcessorBase.java:49)
	at org.apache.tomcat.util.threads.ThreadPoolExecutor.runWorker(ThreadPoolExecutor.java:1191)
	at org.apache.tomcat.util.threads.ThreadPoolExecutor$Worker.run(ThreadPoolExecutor.java:659)
	at org.apache.tomcat.util.threads.TaskThread$WrappingRunnable.run(TaskThread.java:61)
	at java.base/java.lang.Thread.run(Thread.java:833)
INFO  2022-07-20 18:09:27[http-nio-8080-exec-2] [TestController:129] - 46
INFO  2022-07-20 18:09:29[http-nio-8080-exec-5] [TestController:129] - 16
INFO  2022-07-20 18:09:30[http-nio-8080-exec-1] [TestController:129] - 3
INFO  2022-07-20 18:11:02[http-nio-8080-exec-4] [TestController:129] - 46
INFO  2022-07-20 18:11:14[http-nio-8080-exec-7] [TestController:129] - 16
INFO  2022-07-20 18:11:20[http-nio-8080-exec-6] [TestController:129] - 3
INFO  2022-07-20 18:11:50[http-nio-8080-exec-9] [KafkaController:41] - Produce message : Message{author='관리자', contentType='msg', content='before 쓰는거 빡쎄네', timestamp='null'}
INFO  2022-07-20 18:11:50[http-nio-8080-exec-9] [ProducerConfig:376] - ProducerConfig values: 
	acks = -1
	batch.size = 16384
	bootstrap.servers = [223.194.70.105:33233]
	buffer.memory = 33554432
	client.dns.lookup = use_all_dns_ips
	client.id = producer-2
	compression.type = none
	connections.max.idle.ms = 540000
	delivery.timeout.ms = 120000
	enable.idempotence = true
	interceptor.classes = []
	key.serializer = class org.apache.kafka.common.serialization.StringSerializer
	linger.ms = 0
	max.block.ms = 60000
	max.in.flight.requests.per.connection = 5
	max.request.size = 1048576
	metadata.max.age.ms = 300000
	metadata.max.idle.ms = 300000
	metric.reporters = []
	metrics.num.samples = 2
	metrics.recording.level = INFO
	metrics.sample.window.ms = 30000
	partitioner.class = class org.apache.kafka.clients.producer.internals.DefaultPartitioner
	receive.buffer.bytes = 32768
	reconnect.backoff.max.ms = 1000
	reconnect.backoff.ms = 50
	request.timeout.ms = 30000
	retries = 2147483647
	retry.backoff.ms = 100
	sasl.client.callback.handler.class = null
	sasl.jaas.config = null
	sasl.kerberos.kinit.cmd = /usr/bin/kinit
	sasl.kerberos.min.time.before.relogin = 60000
	sasl.kerberos.service.name = null
	sasl.kerberos.ticket.renew.jitter = 0.05
	sasl.kerberos.ticket.renew.window.factor = 0.8
	sasl.login.callback.handler.class = null
	sasl.login.class = null
	sasl.login.refresh.buffer.seconds = 300
	sasl.login.refresh.min.period.seconds = 60
	sasl.login.refresh.window.factor = 0.8
	sasl.login.refresh.window.jitter = 0.05
	sasl.mechanism = GSSAPI
	security.protocol = PLAINTEXT
	security.providers = null
	send.buffer.bytes = 131072
	socket.connection.setup.timeout.max.ms = 30000
	socket.connection.setup.timeout.ms = 10000
	ssl.cipher.suites = null
	ssl.enabled.protocols = [TLSv1.2, TLSv1.3]
	ssl.endpoint.identification.algorithm = https
	ssl.engine.factory.class = null
	ssl.key.password = null
	ssl.keymanager.algorithm = SunX509
	ssl.keystore.certificate.chain = null
	ssl.keystore.key = null
	ssl.keystore.location = null
	ssl.keystore.password = null
	ssl.keystore.type = JKS
	ssl.protocol = TLSv1.3
	ssl.provider = null
	ssl.secure.random.implementation = null
	ssl.trustmanager.algorithm = PKIX
	ssl.truststore.certificates = null
	ssl.truststore.location = null
	ssl.truststore.password = null
	ssl.truststore.type = JKS
	transaction.timeout.ms = 60000
	transactional.id = null
	value.serializer = class org.springframework.kafka.support.serializer.JsonSerializer

INFO  2022-07-20 18:11:50[http-nio-8080-exec-9] [AppInfoParser:119] - Kafka version: 3.0.0
INFO  2022-07-20 18:11:50[http-nio-8080-exec-9] [AppInfoParser:120] - Kafka commitId: 8cb0a5e9d3441962
INFO  2022-07-20 18:11:50[http-nio-8080-exec-9] [AppInfoParser:121] - Kafka startTimeMs: 1658308310577
INFO  2022-07-20 18:11:50[kafka-producer-network-thread | producer-2] [Metadata:287] - [Producer clientId=producer-2] Cluster ID: R-4kZ6JRTMq3W1cemP21eA
INFO  2022-07-20 18:11:50[org.springframework.kafka.KafkaListenerEndpointContainer#0-0-C-1] [MessageListener:28] - sending via kafka listener..
INFO  2022-07-20 18:12:11[http-nio-8080-exec-3] [KafkaController:41] - Produce message : Message{author='관리자', contentType='msg', content='djdn', timestamp='null'}
INFO  2022-07-20 18:12:11[org.springframework.kafka.KafkaListenerEndpointContainer#0-0-C-1] [MessageListener:28] - sending via kafka listener..
INFO  2022-07-20 18:12:14[http-nio-8080-exec-2] [KafkaController:41] - Produce message : Message{author='관리자', contentType='msg', content='어우', timestamp='null'}
INFO  2022-07-20 18:12:14[org.springframework.kafka.KafkaListenerEndpointContainer#0-0-C-1] [MessageListener:28] - sending via kafka listener..
INFO  2022-07-20 18:12:16[http-nio-8080-exec-5] [KafkaController:41] - Produce message : Message{author='관리자', contentType='msg', content='ㄴㄴ', timestamp='null'}
INFO  2022-07-20 18:12:16[org.springframework.kafka.KafkaListenerEndpointContainer#0-0-C-1] [MessageListener:28] - sending via kafka listener..
INFO  2022-07-20 18:12:19[http-nio-8080-exec-1] [KafkaController:41] - Produce message : Message{author='관리자', contentType='msg', content='ㅁㅁ', timestamp='null'}
INFO  2022-07-20 18:12:19[org.springframework.kafka.KafkaListenerEndpointContainer#0-0-C-1] [MessageListener:28] - sending via kafka listener..
INFO  2022-07-20 18:12:24[http-nio-8080-exec-4] [KafkaController:41] - Produce message : Message{author='관리자', contentType='msg', content='ㄴ', timestamp='null'}
INFO  2022-07-20 18:12:24[org.springframework.kafka.KafkaListenerEndpointContainer#0-0-C-1] [MessageListener:28] - sending via kafka listener..
INFO  2022-07-20 18:12:26[http-nio-8080-exec-7] [KafkaController:41] - Produce message : Message{author='관리자', contentType='msg', content='호ㅗㅗ', timestamp='null'}
INFO  2022-07-20 18:12:26[org.springframework.kafka.KafkaListenerEndpointContainer#0-0-C-1] [MessageListener:28] - sending via kafka listener..
INFO  2022-07-20 18:12:30[http-nio-8080-exec-6] [KafkaController:41] - Produce message : Message{author='관리자', contentType='msg', content='ㅁㄴㅇ', timestamp='null'}
INFO  2022-07-20 18:12:30[org.springframework.kafka.KafkaListenerEndpointContainer#0-0-C-1] [MessageListener:28] - sending via kafka listener..
INFO  2022-07-20 18:12:32[http-nio-8080-exec-8] [KafkaController:41] - Produce message : Message{author='관리자', contentType='msg', content='ㅁ', timestamp='null'}
INFO  2022-07-20 18:12:32[org.springframework.kafka.KafkaListenerEndpointContainer#0-0-C-1] [MessageListener:28] - sending via kafka listener..
INFO  2022-07-20 18:18:22[http-nio-8080-exec-1] [TestController:129] - 55
INFO  2022-07-20 18:27:00[http-nio-8080-exec-4] [TestController:129] - 55
INFO  2022-07-20 18:27:02[http-nio-8080-exec-7] [TestController:129] - 25
INFO  2022-07-20 18:27:03[http-nio-8080-exec-6] [TestController:129] - 3
INFO  2022-07-20 18:27:32[http-nio-8080-exec-9] [TestController:129] - 55
INFO  2022-07-20 18:27:35[http-nio-8080-exec-10] [TestController:129] - 25
INFO  2022-07-20 18:27:37[MessageBroker-6] [WebSocketMessageBrokerStats:128] - WebSocketSession[2 current WS(2)-HttpStream(0)-HttpPoll(0), 29 total, 0 closed abnormally (0 connect failure, 0 send limit, 2 transport error)], stompSubProtocol[processed CONNECT(29)-CONNECTED(29)-DISCONNECT(17)], stompBrokerRelay[null], inboundChannel[pool size = 6, active threads = 0, queued tasks = 0, completed tasks = 357], outboundChannel[pool size = 1, active threads = 0, queued tasks = 0, completed tasks = 91], sockJsScheduler[pool size = 16, active threads = 1, queued tasks = 3, completed tasks = 2976]
INFO  2022-07-20 18:27:37[http-nio-8080-exec-3] [TestController:129] - 3
INFO  2022-07-20 18:35:53[http-nio-8080-exec-7] [TestController:129] - 55
INFO  2022-07-20 18:35:55[http-nio-8080-exec-6] [TestController:129] - 25
INFO  2022-07-20 18:36:03[http-nio-8080-exec-8] [TestController:129] - 3
INFO  2022-07-20 18:37:45[http-nio-8080-exec-3] [TestController:129] - 55
INFO  2022-07-20 18:37:47[http-nio-8080-exec-2] [TestController:129] - 25
INFO  2022-07-20 18:37:48[http-nio-8080-exec-5] [TestController:129] - 3
INFO  2022-07-20 18:44:36[http-nio-8080-exec-6] [TestController:129] - 55
INFO  2022-07-20 18:44:38[http-nio-8080-exec-8] [TestController:129] - 25
INFO  2022-07-20 18:44:38[http-nio-8080-exec-9] [TestController:129] - 3
INFO  2022-07-20 18:44:50[http-nio-8080-exec-7] [TestController:129] - 55
INFO  2022-07-20 18:44:53[http-nio-8080-exec-4] [TestController:129] - 25
INFO  2022-07-20 18:44:55[http-nio-8080-exec-3] [TestController:129] - 3
INFO  2022-07-20 18:45:31[http-nio-8080-exec-1] [TestController:129] - 55
INFO  2022-07-20 18:45:34[http-nio-8080-exec-5] [TestController:129] - 25
INFO  2022-07-20 18:45:36[http-nio-8080-exec-6] [TestController:129] - 3
INFO  2022-07-20 18:49:53[http-nio-8080-exec-4] [TestController:129] - 55
INFO  2022-07-20 18:57:37[MessageBroker-13] [WebSocketMessageBrokerStats:128] - WebSocketSession[0 current WS(0)-HttpStream(0)-HttpPoll(0), 36 total, 0 closed abnormally (0 connect failure, 0 send limit, 2 transport error)], stompSubProtocol[processed CONNECT(36)-CONNECTED(36)-DISCONNECT(20)], stompBrokerRelay[null], inboundChannel[pool size = 15, active threads = 0, queued tasks = 0, completed tasks = 444], outboundChannel[pool size = 3, active threads = 0, queued tasks = 0, completed tasks = 110], sockJsScheduler[pool size = 16, active threads = 1, queued tasks = 1, completed tasks = 3528]
INFO  2022-07-20 18:59:15[http-nio-8080-exec-6] [TestController:129] - 55
INFO  2022-07-20 18:59:17[http-nio-8080-exec-8] [TestController:129] - 25
INFO  2022-07-20 18:59:22[http-nio-8080-exec-9] [TestController:129] - 3
INFO  2022-07-20 19:02:26[http-nio-8080-exec-4] [KafkaController:41] - Produce message : Message{author='관리자', contentType='msg', content='aaaaaaaaaaaaaaaaaaaaaaaaaaaaaaaaaaaaaaaaaaaaaaaaaaaaaaaaaaaaaaaaaaaaaaaaaaaaaaaaaaaaaasadilukjhgasliduhasiklufhauisdfhklajhfklajsdhkljahsdkljahsdfkjhasdkfljhasdkfjhaklsdjfhklasjdhfkljasdhfjkasdf', timestamp='null'}
INFO  2022-07-20 19:02:26[org.springframework.kafka.KafkaListenerEndpointContainer#0-0-C-1] [MessageListener:28] - sending via kafka listener..
INFO  2022-07-20 19:06:12[RMI TCP Connection(420)-127.0.0.1] [SpringApplicationAdminMXBeanRegistrar$SpringApplicationAdmin:159] - Application shutdown requested.
INFO  2022-07-20 19:06:12[RMI TCP Connection(420)-127.0.0.1] [SimpleBrokerMessageHandler:137] - Stopping...
INFO  2022-07-20 19:06:12[RMI TCP Connection(420)-127.0.0.1] [SimpleBrokerMessageHandler:137] - BrokerAvailabilityEvent[available=false, SimpleBrokerMessageHandler [org.springframework.messaging.simp.broker.DefaultSubscriptionRegistry@30349e7d]]
INFO  2022-07-20 19:06:12[RMI TCP Connection(420)-127.0.0.1] [SimpleBrokerMessageHandler:137] - Stopped.
INFO  2022-07-20 19:06:12[org.springframework.kafka.KafkaListenerEndpointContainer#0-0-C-1] [ConsumerCoordinator:307] - [Consumer clientId=consumer-그룹1-8, groupId=그룹1] Revoke previously assigned partitions channel-chat-0
INFO  2022-07-20 19:06:12[org.springframework.kafka.KafkaListenerEndpointContainer#0-0-C-1] [KafkaMessageListenerContainer:292] - 그룹1: partitions revoked: [channel-chat-0]
INFO  2022-07-20 19:06:12[org.springframework.kafka.KafkaListenerEndpointContainer#0-0-C-1] [ConsumerCoordinator:1048] - [Consumer clientId=consumer-그룹1-8, groupId=그룹1] Member consumer-그룹1-8-ddf2e2c1-9782-4336-a32d-1ab85282378c sending LeaveGroup request to coordinator 223.194.70.105:33233 (id: 2147483646 rack: null) due to the consumer unsubscribed from all topics
INFO  2022-07-20 19:06:12[org.springframework.kafka.KafkaListenerEndpointContainer#0-0-C-1] [ConsumerCoordinator:966] - [Consumer clientId=consumer-그룹1-8, groupId=그룹1] Resetting generation due to: consumer pro-actively leaving the group
INFO  2022-07-20 19:06:12[org.springframework.kafka.KafkaListenerEndpointContainer#0-0-C-1] [ConsumerCoordinator:988] - [Consumer clientId=consumer-그룹1-8, groupId=그룹1] Request joining group due to: consumer pro-actively leaving the group
INFO  2022-07-20 19:06:12[org.springframework.kafka.KafkaListenerEndpointContainer#0-0-C-1] [KafkaConsumer:1075] - [Consumer clientId=consumer-그룹1-8, groupId=그룹1] Unsubscribed all topics or patterns and assigned partitions
INFO  2022-07-20 19:06:12[org.springframework.kafka.KafkaListenerEndpointContainer#0-0-C-1] [ConsumerCoordinator:966] - [Consumer clientId=consumer-그룹1-8, groupId=그룹1] Resetting generation due to: consumer pro-actively leaving the group
INFO  2022-07-20 19:06:12[org.springframework.kafka.KafkaListenerEndpointContainer#0-0-C-1] [ConsumerCoordinator:988] - [Consumer clientId=consumer-그룹1-8, groupId=그룹1] Request joining group due to: consumer pro-actively leaving the group
INFO  2022-07-20 19:06:12[org.springframework.kafka.KafkaListenerEndpointContainer#0-0-C-1] [Metrics:659] - Metrics scheduler closed
INFO  2022-07-20 19:06:12[org.springframework.kafka.KafkaListenerEndpointContainer#0-0-C-1] [Metrics:663] - Closing reporter org.apache.kafka.common.metrics.JmxReporter
INFO  2022-07-20 19:06:12[org.springframework.kafka.KafkaListenerEndpointContainer#0-0-C-1] [Metrics:669] - Metrics reporters closed
INFO  2022-07-20 19:06:12[org.springframework.kafka.KafkaListenerEndpointContainer#0-0-C-1] [AppInfoParser:83] - App info kafka.consumer for consumer-그룹1-8 unregistered
INFO  2022-07-20 19:06:12[org.springframework.kafka.KafkaListenerEndpointContainer#0-0-C-1] [KafkaMessageListenerContainer:292] - 그룹1: Consumer stopped
INFO  2022-07-20 19:06:12[RMI TCP Connection(420)-127.0.0.1] [HikariDataSource:350] - HikariPool-2 - Shutdown initiated...
INFO  2022-07-20 19:06:12[RMI TCP Connection(420)-127.0.0.1] [HikariDataSource:352] - HikariPool-2 - Shutdown completed.
INFO  2022-07-20 19:06:12[RMI TCP Connection(420)-127.0.0.1] [KafkaProducer:1208] - [Producer clientId=producer-2] Closing the Kafka producer with timeoutMillis = 30000 ms.
INFO  2022-07-20 19:06:12[RMI TCP Connection(420)-127.0.0.1] [Metrics:659] - Metrics scheduler closed
INFO  2022-07-20 19:06:12[RMI TCP Connection(420)-127.0.0.1] [Metrics:663] - Closing reporter org.apache.kafka.common.metrics.JmxReporter
INFO  2022-07-20 19:06:12[RMI TCP Connection(420)-127.0.0.1] [Metrics:669] - Metrics reporters closed
INFO  2022-07-20 19:06:12[RMI TCP Connection(420)-127.0.0.1] [AppInfoParser:83] - App info kafka.producer for producer-2 unregistered
