INFO  2022-07-25 15:39:13[restartedMain] [VirtualAssetWebServerApplication:55] - Starting VirtualAssetWebServerApplication using Java 17.0.3 on DESKTOP-QDOJEIP with PID 42184 (C:\Users\violi\Documents\APL2022\VirtualAsset-WebServer\virtualAssetWebServer\target\classes started by violi in C:\Users\violi\Documents\APL2022\VirtualAsset-WebServer\virtualAssetWebServer)
INFO  2022-07-25 15:39:13[restartedMain] [VirtualAssetWebServerApplication:641] - The following profiles are active: prod
INFO  2022-07-25 15:39:13[restartedMain] [DevToolsPropertyDefaultsPostProcessor:255] - Devtools property defaults active! Set 'spring.devtools.add-properties' to 'false' to disable
INFO  2022-07-25 15:39:13[restartedMain] [DevToolsPropertyDefaultsPostProcessor:255] - For additional web related logging consider setting the 'logging.level.web' property to 'DEBUG'
DEBUG 2022-07-25 15:39:14[restartedMain] [LogFactory:109] - Logging initialized using 'class org.apache.ibatis.logging.slf4j.Slf4jImpl' adapter.
INFO  2022-07-25 15:39:15[restartedMain] [TomcatWebServer:108] - Tomcat initialized with port(s): 8080 (http)
INFO  2022-07-25 15:39:15[restartedMain] [Http11NioProtocol:173] - Initializing ProtocolHandler ["http-nio-8080"]
INFO  2022-07-25 15:39:15[restartedMain] [StandardService:173] - Starting service [Tomcat]
INFO  2022-07-25 15:39:15[restartedMain] [StandardEngine:173] - Starting Servlet engine: [Apache Tomcat/9.0.56]
INFO  2022-07-25 15:39:15[restartedMain] [[/]:173] - Initializing Spring embedded WebApplicationContext
INFO  2022-07-25 15:39:15[restartedMain] [ServletWebServerApplicationContext:290] - Root WebApplicationContext: initialization completed in 1926 ms
WARN  2022-07-25 15:39:15[restartedMain] [AnnotationConfigServletWebServerApplicationContext:591] - Exception encountered during context initialization - cancelling refresh attempt: org.springframework.beans.factory.BeanCreationException: Error creating bean with name 'exploreService' defined in file [C:\Users\violi\Documents\APL2022\VirtualAsset-WebServer\virtualAssetWebServer\target\classes\com\virtualAsset\webServer\application\service\explore\ExploreService.class]: Instantiation of bean failed; nested exception is org.springframework.beans.BeanInstantiationException: Failed to instantiate [com.virtualAsset.webServer.application.service.explore.ExploreService]: Constructor threw exception; nested exception is java.lang.Error: Unresolved compilation problem: 
	The blank final field exploreRepository may not have been initialized

INFO  2022-07-25 15:39:15[restartedMain] [StandardService:173] - Stopping service [Tomcat]
INFO  2022-07-25 15:39:15[restartedMain] [ConditionEvaluationReportLoggingListener:136] - 

Error starting ApplicationContext. To display the conditions report re-run your application with 'debug' enabled.
ERROR 2022-07-25 15:39:15[restartedMain] [SpringApplication:821] - Application run failed
org.springframework.beans.factory.BeanCreationException: Error creating bean with name 'exploreService' defined in file [C:\Users\violi\Documents\APL2022\VirtualAsset-WebServer\virtualAssetWebServer\target\classes\com\virtualAsset\webServer\application\service\explore\ExploreService.class]: Instantiation of bean failed; nested exception is org.springframework.beans.BeanInstantiationException: Failed to instantiate [com.virtualAsset.webServer.application.service.explore.ExploreService]: Constructor threw exception; nested exception is java.lang.Error: Unresolved compilation problem: 
	The blank final field exploreRepository may not have been initialized

	at org.springframework.beans.factory.support.AbstractAutowireCapableBeanFactory.instantiateBean(AbstractAutowireCapableBeanFactory.java:1334)
	at org.springframework.beans.factory.support.AbstractAutowireCapableBeanFactory.createBeanInstance(AbstractAutowireCapableBeanFactory.java:1232)
	at org.springframework.beans.factory.support.AbstractAutowireCapableBeanFactory.doCreateBean(AbstractAutowireCapableBeanFactory.java:582)
	at org.springframework.beans.factory.support.AbstractAutowireCapableBeanFactory.createBean(AbstractAutowireCapableBeanFactory.java:542)
	at org.springframework.beans.factory.support.AbstractBeanFactory.lambda$doGetBean$0(AbstractBeanFactory.java:335)
	at org.springframework.beans.factory.support.DefaultSingletonBeanRegistry.getSingleton(DefaultSingletonBeanRegistry.java:234)
	at org.springframework.beans.factory.support.AbstractBeanFactory.doGetBean(AbstractBeanFactory.java:333)
	at org.springframework.beans.factory.support.AbstractBeanFactory.getBean(AbstractBeanFactory.java:208)
	at org.springframework.beans.factory.support.DefaultListableBeanFactory.preInstantiateSingletons(DefaultListableBeanFactory.java:953)
	at org.springframework.context.support.AbstractApplicationContext.finishBeanFactoryInitialization(AbstractApplicationContext.java:918)
	at org.springframework.context.support.AbstractApplicationContext.refresh(AbstractApplicationContext.java:583)
	at org.springframework.boot.web.servlet.context.ServletWebServerApplicationContext.refresh(ServletWebServerApplicationContext.java:145)
	at org.springframework.boot.SpringApplication.refresh(SpringApplication.java:732)
	at org.springframework.boot.SpringApplication.refreshContext(SpringApplication.java:414)
	at org.springframework.boot.SpringApplication.run(SpringApplication.java:302)
	at org.springframework.boot.SpringApplication.run(SpringApplication.java:1303)
	at org.springframework.boot.SpringApplication.run(SpringApplication.java:1292)
	at com.virtualAsset.webServer.VirtualAssetWebServerApplication.main(VirtualAssetWebServerApplication.java:11)
	at java.base/jdk.internal.reflect.NativeMethodAccessorImpl.invoke0(Native Method)
	at java.base/jdk.internal.reflect.NativeMethodAccessorImpl.invoke(NativeMethodAccessorImpl.java:77)
	at java.base/jdk.internal.reflect.DelegatingMethodAccessorImpl.invoke(DelegatingMethodAccessorImpl.java:43)
	at java.base/java.lang.reflect.Method.invoke(Method.java:568)
	at org.springframework.boot.devtools.restart.RestartLauncher.run(RestartLauncher.java:49)
Caused by: org.springframework.beans.BeanInstantiationException: Failed to instantiate [com.virtualAsset.webServer.application.service.explore.ExploreService]: Constructor threw exception; nested exception is java.lang.Error: Unresolved compilation problem: 
	The blank final field exploreRepository may not have been initialized

	at org.springframework.beans.BeanUtils.instantiateClass(BeanUtils.java:224)
	at org.springframework.beans.factory.support.SimpleInstantiationStrategy.instantiate(SimpleInstantiationStrategy.java:87)
	at org.springframework.beans.factory.support.AbstractAutowireCapableBeanFactory.instantiateBean(AbstractAutowireCapableBeanFactory.java:1326)
	... 22 common frames omitted
Caused by: java.lang.Error: Unresolved compilation problem: 
	The blank final field exploreRepository may not have been initialized

	at com.virtualAsset.webServer.application.service.explore.ExploreService.<init>(ExploreService.java:21)
	at java.base/jdk.internal.reflect.NativeConstructorAccessorImpl.newInstance0(Native Method)
	at java.base/jdk.internal.reflect.NativeConstructorAccessorImpl.newInstance(NativeConstructorAccessorImpl.java:77)
	at java.base/jdk.internal.reflect.DelegatingConstructorAccessorImpl.newInstance(DelegatingConstructorAccessorImpl.java:45)
	at java.base/java.lang.reflect.Constructor.newInstanceWithCaller(Constructor.java:499)
	at java.base/java.lang.reflect.Constructor.newInstance(Constructor.java:480)
	at org.springframework.beans.BeanUtils.instantiateClass(BeanUtils.java:211)
	... 24 common frames omitted
INFO  2022-07-25 16:10:55[restartedMain] [VirtualAssetWebServerApplication:55] - Starting VirtualAssetWebServerApplication using Java 17.0.3 on DESKTOP-QDOJEIP with PID 28856 (C:\Users\violi\Documents\APL2022\VirtualAsset-WebServer\virtualAssetWebServer\target\classes started by violi in C:\Users\violi\Documents\APL2022\VirtualAsset-WebServer\virtualAssetWebServer)
INFO  2022-07-25 16:10:55[restartedMain] [VirtualAssetWebServerApplication:641] - The following profiles are active: prod
INFO  2022-07-25 16:10:55[restartedMain] [DevToolsPropertyDefaultsPostProcessor:255] - Devtools property defaults active! Set 'spring.devtools.add-properties' to 'false' to disable
INFO  2022-07-25 16:10:55[restartedMain] [DevToolsPropertyDefaultsPostProcessor:255] - For additional web related logging consider setting the 'logging.level.web' property to 'DEBUG'
DEBUG 2022-07-25 16:10:55[restartedMain] [LogFactory:109] - Logging initialized using 'class org.apache.ibatis.logging.slf4j.Slf4jImpl' adapter.
INFO  2022-07-25 16:10:56[restartedMain] [TomcatWebServer:108] - Tomcat initialized with port(s): 8080 (http)
INFO  2022-07-25 16:10:56[restartedMain] [Http11NioProtocol:173] - Initializing ProtocolHandler ["http-nio-8080"]
INFO  2022-07-25 16:10:56[restartedMain] [StandardService:173] - Starting service [Tomcat]
INFO  2022-07-25 16:10:56[restartedMain] [StandardEngine:173] - Starting Servlet engine: [Apache Tomcat/9.0.56]
INFO  2022-07-25 16:10:56[restartedMain] [[/]:173] - Initializing Spring embedded WebApplicationContext
INFO  2022-07-25 16:10:56[restartedMain] [ServletWebServerApplicationContext:290] - Root WebApplicationContext: initialization completed in 1784 ms
WARN  2022-07-25 16:10:56[restartedMain] [AnnotationConfigServletWebServerApplicationContext:591] - Exception encountered during context initialization - cancelling refresh attempt: org.springframework.beans.factory.BeanCreationException: Error creating bean with name 'exploreService' defined in file [C:\Users\violi\Documents\APL2022\VirtualAsset-WebServer\virtualAssetWebServer\target\classes\com\virtualAsset\webServer\application\service\explore\ExploreService.class]: Instantiation of bean failed; nested exception is org.springframework.beans.BeanInstantiationException: Failed to instantiate [com.virtualAsset.webServer.application.service.explore.ExploreService]: Constructor threw exception; nested exception is java.lang.Error: Unresolved compilation problem: 
	The blank final field exploreRepository may not have been initialized

INFO  2022-07-25 16:10:56[restartedMain] [StandardService:173] - Stopping service [Tomcat]
INFO  2022-07-25 16:10:57[restartedMain] [ConditionEvaluationReportLoggingListener:136] - 

Error starting ApplicationContext. To display the conditions report re-run your application with 'debug' enabled.
ERROR 2022-07-25 16:10:57[restartedMain] [SpringApplication:821] - Application run failed
org.springframework.beans.factory.BeanCreationException: Error creating bean with name 'exploreService' defined in file [C:\Users\violi\Documents\APL2022\VirtualAsset-WebServer\virtualAssetWebServer\target\classes\com\virtualAsset\webServer\application\service\explore\ExploreService.class]: Instantiation of bean failed; nested exception is org.springframework.beans.BeanInstantiationException: Failed to instantiate [com.virtualAsset.webServer.application.service.explore.ExploreService]: Constructor threw exception; nested exception is java.lang.Error: Unresolved compilation problem: 
	The blank final field exploreRepository may not have been initialized

	at org.springframework.beans.factory.support.AbstractAutowireCapableBeanFactory.instantiateBean(AbstractAutowireCapableBeanFactory.java:1334)
	at org.springframework.beans.factory.support.AbstractAutowireCapableBeanFactory.createBeanInstance(AbstractAutowireCapableBeanFactory.java:1232)
	at org.springframework.beans.factory.support.AbstractAutowireCapableBeanFactory.doCreateBean(AbstractAutowireCapableBeanFactory.java:582)
	at org.springframework.beans.factory.support.AbstractAutowireCapableBeanFactory.createBean(AbstractAutowireCapableBeanFactory.java:542)
	at org.springframework.beans.factory.support.AbstractBeanFactory.lambda$doGetBean$0(AbstractBeanFactory.java:335)
	at org.springframework.beans.factory.support.DefaultSingletonBeanRegistry.getSingleton(DefaultSingletonBeanRegistry.java:234)
	at org.springframework.beans.factory.support.AbstractBeanFactory.doGetBean(AbstractBeanFactory.java:333)
	at org.springframework.beans.factory.support.AbstractBeanFactory.getBean(AbstractBeanFactory.java:208)
	at org.springframework.beans.factory.support.DefaultListableBeanFactory.preInstantiateSingletons(DefaultListableBeanFactory.java:953)
	at org.springframework.context.support.AbstractApplicationContext.finishBeanFactoryInitialization(AbstractApplicationContext.java:918)
	at org.springframework.context.support.AbstractApplicationContext.refresh(AbstractApplicationContext.java:583)
	at org.springframework.boot.web.servlet.context.ServletWebServerApplicationContext.refresh(ServletWebServerApplicationContext.java:145)
	at org.springframework.boot.SpringApplication.refresh(SpringApplication.java:732)
	at org.springframework.boot.SpringApplication.refreshContext(SpringApplication.java:414)
	at org.springframework.boot.SpringApplication.run(SpringApplication.java:302)
	at org.springframework.boot.SpringApplication.run(SpringApplication.java:1303)
	at org.springframework.boot.SpringApplication.run(SpringApplication.java:1292)
	at com.virtualAsset.webServer.VirtualAssetWebServerApplication.main(VirtualAssetWebServerApplication.java:11)
	at java.base/jdk.internal.reflect.NativeMethodAccessorImpl.invoke0(Native Method)
	at java.base/jdk.internal.reflect.NativeMethodAccessorImpl.invoke(NativeMethodAccessorImpl.java:77)
	at java.base/jdk.internal.reflect.DelegatingMethodAccessorImpl.invoke(DelegatingMethodAccessorImpl.java:43)
	at java.base/java.lang.reflect.Method.invoke(Method.java:568)
	at org.springframework.boot.devtools.restart.RestartLauncher.run(RestartLauncher.java:49)
Caused by: org.springframework.beans.BeanInstantiationException: Failed to instantiate [com.virtualAsset.webServer.application.service.explore.ExploreService]: Constructor threw exception; nested exception is java.lang.Error: Unresolved compilation problem: 
	The blank final field exploreRepository may not have been initialized

	at org.springframework.beans.BeanUtils.instantiateClass(BeanUtils.java:224)
	at org.springframework.beans.factory.support.SimpleInstantiationStrategy.instantiate(SimpleInstantiationStrategy.java:87)
	at org.springframework.beans.factory.support.AbstractAutowireCapableBeanFactory.instantiateBean(AbstractAutowireCapableBeanFactory.java:1326)
	... 22 common frames omitted
Caused by: java.lang.Error: Unresolved compilation problem: 
	The blank final field exploreRepository may not have been initialized

	at com.virtualAsset.webServer.application.service.explore.ExploreService.<init>(ExploreService.java:21)
	at java.base/jdk.internal.reflect.NativeConstructorAccessorImpl.newInstance0(Native Method)
	at java.base/jdk.internal.reflect.NativeConstructorAccessorImpl.newInstance(NativeConstructorAccessorImpl.java:77)
	at java.base/jdk.internal.reflect.DelegatingConstructorAccessorImpl.newInstance(DelegatingConstructorAccessorImpl.java:45)
	at java.base/java.lang.reflect.Constructor.newInstanceWithCaller(Constructor.java:499)
	at java.base/java.lang.reflect.Constructor.newInstance(Constructor.java:480)
	at org.springframework.beans.BeanUtils.instantiateClass(BeanUtils.java:211)
	... 24 common frames omitted
INFO  2022-07-25 16:35:33[restartedMain] [VirtualAssetWebServerApplication:55] - Starting VirtualAssetWebServerApplication using Java 17.0.3 on DESKTOP-QDOJEIP with PID 42004 (C:\Users\violi\Documents\APL2022\VirtualAsset-WebServer\virtualAssetWebServer\target\classes started by violi in C:\Users\violi\Documents\APL2022\VirtualAsset-WebServer\virtualAssetWebServer)
INFO  2022-07-25 16:35:33[restartedMain] [VirtualAssetWebServerApplication:641] - The following profiles are active: prod
INFO  2022-07-25 16:35:33[restartedMain] [DevToolsPropertyDefaultsPostProcessor:255] - Devtools property defaults active! Set 'spring.devtools.add-properties' to 'false' to disable
INFO  2022-07-25 16:35:33[restartedMain] [DevToolsPropertyDefaultsPostProcessor:255] - For additional web related logging consider setting the 'logging.level.web' property to 'DEBUG'
DEBUG 2022-07-25 16:35:34[restartedMain] [LogFactory:109] - Logging initialized using 'class org.apache.ibatis.logging.slf4j.Slf4jImpl' adapter.
INFO  2022-07-25 16:35:35[restartedMain] [TomcatWebServer:108] - Tomcat initialized with port(s): 8080 (http)
INFO  2022-07-25 16:35:35[restartedMain] [Http11NioProtocol:173] - Initializing ProtocolHandler ["http-nio-8080"]
INFO  2022-07-25 16:35:35[restartedMain] [StandardService:173] - Starting service [Tomcat]
INFO  2022-07-25 16:35:35[restartedMain] [StandardEngine:173] - Starting Servlet engine: [Apache Tomcat/9.0.56]
INFO  2022-07-25 16:35:35[restartedMain] [[/]:173] - Initializing Spring embedded WebApplicationContext
INFO  2022-07-25 16:35:35[restartedMain] [ServletWebServerApplicationContext:290] - Root WebApplicationContext: initialization completed in 1970 ms
INFO  2022-07-25 16:35:36[restartedMain] [WelcomePageHandlerMapping:53] - Adding welcome page: class path resource [static/index.html]
INFO  2022-07-25 16:35:37[restartedMain] [OptionalLiveReloadServer:58] - LiveReload server is running on port 35729
INFO  2022-07-25 16:35:37[restartedMain] [ConsumerConfig:376] - ConsumerConfig values: 
	allow.auto.create.topics = true
	auto.commit.interval.ms = 5000
	auto.offset.reset = latest
	bootstrap.servers = [223.194.70.105:33233]
	check.crcs = true
	client.dns.lookup = use_all_dns_ips
	client.id = consumer-그룹1-1
	client.rack = 
	connections.max.idle.ms = 540000
	default.api.timeout.ms = 60000
	enable.auto.commit = false
	exclude.internal.topics = true
	fetch.max.bytes = 52428800
	fetch.max.wait.ms = 500
	fetch.min.bytes = 1
	group.id = 그룹1
	group.instance.id = null
	heartbeat.interval.ms = 3000
	interceptor.classes = []
	internal.leave.group.on.close = true
	internal.throw.on.fetch.stable.offset.unsupported = false
	isolation.level = read_uncommitted
	key.deserializer = class org.apache.kafka.common.serialization.StringDeserializer
	max.partition.fetch.bytes = 1048576
	max.poll.interval.ms = 300000
	max.poll.records = 500
	metadata.max.age.ms = 300000
	metric.reporters = []
	metrics.num.samples = 2
	metrics.recording.level = INFO
	metrics.sample.window.ms = 30000
	partition.assignment.strategy = [class org.apache.kafka.clients.consumer.RangeAssignor, class org.apache.kafka.clients.consumer.CooperativeStickyAssignor]
	receive.buffer.bytes = 65536
	reconnect.backoff.max.ms = 1000
	reconnect.backoff.ms = 50
	request.timeout.ms = 30000
	retry.backoff.ms = 100
	sasl.client.callback.handler.class = null
	sasl.jaas.config = null
	sasl.kerberos.kinit.cmd = /usr/bin/kinit
	sasl.kerberos.min.time.before.relogin = 60000
	sasl.kerberos.service.name = null
	sasl.kerberos.ticket.renew.jitter = 0.05
	sasl.kerberos.ticket.renew.window.factor = 0.8
	sasl.login.callback.handler.class = null
	sasl.login.class = null
	sasl.login.refresh.buffer.seconds = 300
	sasl.login.refresh.min.period.seconds = 60
	sasl.login.refresh.window.factor = 0.8
	sasl.login.refresh.window.jitter = 0.05
	sasl.mechanism = GSSAPI
	security.protocol = PLAINTEXT
	security.providers = null
	send.buffer.bytes = 131072
	session.timeout.ms = 45000
	socket.connection.setup.timeout.max.ms = 30000
	socket.connection.setup.timeout.ms = 10000
	ssl.cipher.suites = null
	ssl.enabled.protocols = [TLSv1.2, TLSv1.3]
	ssl.endpoint.identification.algorithm = https
	ssl.engine.factory.class = null
	ssl.key.password = null
	ssl.keymanager.algorithm = SunX509
	ssl.keystore.certificate.chain = null
	ssl.keystore.key = null
	ssl.keystore.location = null
	ssl.keystore.password = null
	ssl.keystore.type = JKS
	ssl.protocol = TLSv1.3
	ssl.provider = null
	ssl.secure.random.implementation = null
	ssl.trustmanager.algorithm = PKIX
	ssl.truststore.certificates = null
	ssl.truststore.location = null
	ssl.truststore.password = null
	ssl.truststore.type = JKS
	value.deserializer = class org.springframework.kafka.support.serializer.ErrorHandlingDeserializer

INFO  2022-07-25 16:35:37[restartedMain] [AppInfoParser:119] - Kafka version: 3.0.0
INFO  2022-07-25 16:35:37[restartedMain] [AppInfoParser:120] - Kafka commitId: 8cb0a5e9d3441962
INFO  2022-07-25 16:35:37[restartedMain] [AppInfoParser:121] - Kafka startTimeMs: 1658734537643
INFO  2022-07-25 16:35:37[restartedMain] [KafkaConsumer:966] - [Consumer clientId=consumer-그룹1-1, groupId=그룹1] Subscribed to topic(s): channel-chat
INFO  2022-07-25 16:35:37[restartedMain] [Http11NioProtocol:173] - Starting ProtocolHandler ["http-nio-8080"]
INFO  2022-07-25 16:35:37[restartedMain] [TomcatWebServer:220] - Tomcat started on port(s): 8080 (http) with context path ''
INFO  2022-07-25 16:35:37[restartedMain] [SimpleBrokerMessageHandler:137] - Starting...
INFO  2022-07-25 16:35:37[restartedMain] [SimpleBrokerMessageHandler:137] - BrokerAvailabilityEvent[available=true, SimpleBrokerMessageHandler [org.springframework.messaging.simp.broker.DefaultSubscriptionRegistry@53e3e164]]
INFO  2022-07-25 16:35:37[restartedMain] [SimpleBrokerMessageHandler:137] - Started.
INFO  2022-07-25 16:35:37[restartedMain] [VirtualAssetWebServerApplication:61] - Started VirtualAssetWebServerApplication in 5.269 seconds (JVM running for 5.877)
INFO  2022-07-25 16:35:38[org.springframework.kafka.KafkaListenerEndpointContainer#0-0-C-1] [Metadata:287] - [Consumer clientId=consumer-그룹1-1, groupId=그룹1] Cluster ID: R-4kZ6JRTMq3W1cemP21eA
INFO  2022-07-25 16:35:38[org.springframework.kafka.KafkaListenerEndpointContainer#0-0-C-1] [ConsumerCoordinator:849] - [Consumer clientId=consumer-그룹1-1, groupId=그룹1] Discovered group coordinator 223.194.70.105:33233 (id: 2147483646 rack: null)
INFO  2022-07-25 16:35:38[org.springframework.kafka.KafkaListenerEndpointContainer#0-0-C-1] [ConsumerCoordinator:535] - [Consumer clientId=consumer-그룹1-1, groupId=그룹1] (Re-)joining group
INFO  2022-07-25 16:35:38[org.springframework.kafka.KafkaListenerEndpointContainer#0-0-C-1] [ConsumerCoordinator:988] - [Consumer clientId=consumer-그룹1-1, groupId=그룹1] Request joining group due to: need to re-join with the given member-id
INFO  2022-07-25 16:35:38[org.springframework.kafka.KafkaListenerEndpointContainer#0-0-C-1] [ConsumerCoordinator:535] - [Consumer clientId=consumer-그룹1-1, groupId=그룹1] (Re-)joining group
INFO  2022-07-25 16:35:40[org.springframework.kafka.KafkaListenerEndpointContainer#0-0-C-1] [ConsumerCoordinator:591] - [Consumer clientId=consumer-그룹1-1, groupId=그룹1] Successfully joined group with generation Generation{generationId=401, memberId='consumer-그룹1-1-5f85b8bd-01ef-4c1f-a362-1fd0a6857308', protocol='range'}
INFO  2022-07-25 16:35:40[org.springframework.kafka.KafkaListenerEndpointContainer#0-0-C-1] [ConsumerCoordinator:757] - [Consumer clientId=consumer-그룹1-1, groupId=그룹1] Successfully synced group in generation Generation{generationId=401, memberId='consumer-그룹1-1-5f85b8bd-01ef-4c1f-a362-1fd0a6857308', protocol='range'}
INFO  2022-07-25 16:35:40[org.springframework.kafka.KafkaListenerEndpointContainer#0-0-C-1] [ConsumerCoordinator:276] - [Consumer clientId=consumer-그룹1-1, groupId=그룹1] Notifying assignor about the new Assignment(partitions=[channel-chat-0])
INFO  2022-07-25 16:35:40[org.springframework.kafka.KafkaListenerEndpointContainer#0-0-C-1] [ConsumerCoordinator:288] - [Consumer clientId=consumer-그룹1-1, groupId=그룹1] Adding newly assigned partitions: channel-chat-0
INFO  2022-07-25 16:35:40[org.springframework.kafka.KafkaListenerEndpointContainer#0-0-C-1] [ConsumerCoordinator:818] - [Consumer clientId=consumer-그룹1-1, groupId=그룹1] Setting offset for partition channel-chat-0 to the committed offset FetchPosition{offset=192, offsetEpoch=Optional.empty, currentLeader=LeaderAndEpoch{leader=Optional[223.194.70.105:33233 (id: 1 rack: null)], epoch=0}}
INFO  2022-07-25 16:35:40[org.springframework.kafka.KafkaListenerEndpointContainer#0-0-C-1] [KafkaMessageListenerContainer:292] - 그룹1: partitions assigned: [channel-chat-0]
INFO  2022-07-25 16:36:34[http-nio-8080-exec-1] [[/]:173] - Initializing Spring DispatcherServlet 'dispatcherServlet'
INFO  2022-07-25 16:36:34[http-nio-8080-exec-1] [DispatcherServlet:525] - Initializing Servlet 'dispatcherServlet'
INFO  2022-07-25 16:36:34[http-nio-8080-exec-1] [DispatcherServlet:547] - Completed initialization in 4 ms
INFO  2022-07-25 16:36:36[MessageBroker-1] [WebSocketMessageBrokerStats:128] - WebSocketSession[0 current WS(0)-HttpStream(0)-HttpPoll(0), 0 total, 0 closed abnormally (0 connect failure, 0 send limit, 0 transport error)], stompSubProtocol[processed CONNECT(0)-CONNECTED(0)-DISCONNECT(0)], stompBrokerRelay[null], inboundChannel[pool size = 0, active threads = 0, queued tasks = 0, completed tasks = 0], outboundChannel[pool size = 0, active threads = 0, queued tasks = 0, completed tasks = 0], sockJsScheduler[pool size = 1, active threads = 1, queued tasks = 0, completed tasks = 0]
INFO  2022-07-25 16:42:47[org.springframework.kafka.KafkaListenerEndpointContainer#0-0-C-1] [ConsumerCoordinator:988] - [Consumer clientId=consumer-그룹1-1, groupId=그룹1] Request joining group due to: group is already rebalancing
INFO  2022-07-25 16:42:47[org.springframework.kafka.KafkaListenerEndpointContainer#0-0-C-1] [ConsumerCoordinator:307] - [Consumer clientId=consumer-그룹1-1, groupId=그룹1] Revoke previously assigned partitions channel-chat-0
INFO  2022-07-25 16:42:47[org.springframework.kafka.KafkaListenerEndpointContainer#0-0-C-1] [KafkaMessageListenerContainer:292] - 그룹1: partitions revoked: [channel-chat-0]
INFO  2022-07-25 16:42:47[org.springframework.kafka.KafkaListenerEndpointContainer#0-0-C-1] [ConsumerCoordinator:535] - [Consumer clientId=consumer-그룹1-1, groupId=그룹1] (Re-)joining group
INFO  2022-07-25 16:42:47[org.springframework.kafka.KafkaListenerEndpointContainer#0-0-C-1] [ConsumerCoordinator:591] - [Consumer clientId=consumer-그룹1-1, groupId=그룹1] Successfully joined group with generation Generation{generationId=402, memberId='consumer-그룹1-1-5f85b8bd-01ef-4c1f-a362-1fd0a6857308', protocol='range'}
INFO  2022-07-25 16:42:47[org.springframework.kafka.KafkaListenerEndpointContainer#0-0-C-1] [ConsumerCoordinator:757] - [Consumer clientId=consumer-그룹1-1, groupId=그룹1] Successfully synced group in generation Generation{generationId=402, memberId='consumer-그룹1-1-5f85b8bd-01ef-4c1f-a362-1fd0a6857308', protocol='range'}
INFO  2022-07-25 16:42:47[org.springframework.kafka.KafkaListenerEndpointContainer#0-0-C-1] [ConsumerCoordinator:276] - [Consumer clientId=consumer-그룹1-1, groupId=그룹1] Notifying assignor about the new Assignment(partitions=[channel-chat-0])
INFO  2022-07-25 16:42:47[org.springframework.kafka.KafkaListenerEndpointContainer#0-0-C-1] [ConsumerCoordinator:288] - [Consumer clientId=consumer-그룹1-1, groupId=그룹1] Adding newly assigned partitions: channel-chat-0
INFO  2022-07-25 16:42:47[org.springframework.kafka.KafkaListenerEndpointContainer#0-0-C-1] [ConsumerCoordinator:818] - [Consumer clientId=consumer-그룹1-1, groupId=그룹1] Setting offset for partition channel-chat-0 to the committed offset FetchPosition{offset=192, offsetEpoch=Optional.empty, currentLeader=LeaderAndEpoch{leader=Optional[223.194.70.105:33233 (id: 1 rack: null)], epoch=0}}
INFO  2022-07-25 16:42:47[org.springframework.kafka.KafkaListenerEndpointContainer#0-0-C-1] [KafkaMessageListenerContainer:292] - 그룹1: partitions assigned: [channel-chat-0]
INFO  2022-07-25 16:43:44[org.springframework.kafka.KafkaListenerEndpointContainer#0-0-C-1] [ConsumerCoordinator:988] - [Consumer clientId=consumer-그룹1-1, groupId=그룹1] Request joining group due to: group is already rebalancing
INFO  2022-07-25 16:43:44[org.springframework.kafka.KafkaListenerEndpointContainer#0-0-C-1] [ConsumerCoordinator:307] - [Consumer clientId=consumer-그룹1-1, groupId=그룹1] Revoke previously assigned partitions channel-chat-0
INFO  2022-07-25 16:43:44[org.springframework.kafka.KafkaListenerEndpointContainer#0-0-C-1] [KafkaMessageListenerContainer:292] - 그룹1: partitions revoked: [channel-chat-0]
INFO  2022-07-25 16:43:44[org.springframework.kafka.KafkaListenerEndpointContainer#0-0-C-1] [ConsumerCoordinator:535] - [Consumer clientId=consumer-그룹1-1, groupId=그룹1] (Re-)joining group
INFO  2022-07-25 16:43:45[org.springframework.kafka.KafkaListenerEndpointContainer#0-0-C-1] [ConsumerCoordinator:591] - [Consumer clientId=consumer-그룹1-1, groupId=그룹1] Successfully joined group with generation Generation{generationId=403, memberId='consumer-그룹1-1-5f85b8bd-01ef-4c1f-a362-1fd0a6857308', protocol='range'}
INFO  2022-07-25 16:43:45[org.springframework.kafka.KafkaListenerEndpointContainer#0-0-C-1] [ConsumerCoordinator:757] - [Consumer clientId=consumer-그룹1-1, groupId=그룹1] Successfully synced group in generation Generation{generationId=403, memberId='consumer-그룹1-1-5f85b8bd-01ef-4c1f-a362-1fd0a6857308', protocol='range'}
INFO  2022-07-25 16:43:45[org.springframework.kafka.KafkaListenerEndpointContainer#0-0-C-1] [ConsumerCoordinator:276] - [Consumer clientId=consumer-그룹1-1, groupId=그룹1] Notifying assignor about the new Assignment(partitions=[channel-chat-0])
INFO  2022-07-25 16:43:45[org.springframework.kafka.KafkaListenerEndpointContainer#0-0-C-1] [ConsumerCoordinator:288] - [Consumer clientId=consumer-그룹1-1, groupId=그룹1] Adding newly assigned partitions: channel-chat-0
INFO  2022-07-25 16:43:45[org.springframework.kafka.KafkaListenerEndpointContainer#0-0-C-1] [ConsumerCoordinator:818] - [Consumer clientId=consumer-그룹1-1, groupId=그룹1] Setting offset for partition channel-chat-0 to the committed offset FetchPosition{offset=192, offsetEpoch=Optional.empty, currentLeader=LeaderAndEpoch{leader=Optional[223.194.70.105:33233 (id: 1 rack: null)], epoch=0}}
INFO  2022-07-25 16:43:45[org.springframework.kafka.KafkaListenerEndpointContainer#0-0-C-1] [KafkaMessageListenerContainer:292] - 그룹1: partitions assigned: [channel-chat-0]
INFO  2022-07-25 17:02:45[org.springframework.kafka.KafkaListenerEndpointContainer#0-0-C-1] [ConsumerCoordinator:988] - [Consumer clientId=consumer-그룹1-1, groupId=그룹1] Request joining group due to: group is already rebalancing
INFO  2022-07-25 17:02:45[org.springframework.kafka.KafkaListenerEndpointContainer#0-0-C-1] [ConsumerCoordinator:307] - [Consumer clientId=consumer-그룹1-1, groupId=그룹1] Revoke previously assigned partitions channel-chat-0
INFO  2022-07-25 17:02:45[org.springframework.kafka.KafkaListenerEndpointContainer#0-0-C-1] [KafkaMessageListenerContainer:292] - 그룹1: partitions revoked: [channel-chat-0]
INFO  2022-07-25 17:02:45[org.springframework.kafka.KafkaListenerEndpointContainer#0-0-C-1] [ConsumerCoordinator:535] - [Consumer clientId=consumer-그룹1-1, groupId=그룹1] (Re-)joining group
INFO  2022-07-25 17:02:45[org.springframework.kafka.KafkaListenerEndpointContainer#0-0-C-1] [ConsumerCoordinator:591] - [Consumer clientId=consumer-그룹1-1, groupId=그룹1] Successfully joined group with generation Generation{generationId=404, memberId='consumer-그룹1-1-5f85b8bd-01ef-4c1f-a362-1fd0a6857308', protocol='range'}
INFO  2022-07-25 17:02:45[org.springframework.kafka.KafkaListenerEndpointContainer#0-0-C-1] [ConsumerCoordinator:626] - [Consumer clientId=consumer-그룹1-1, groupId=그룹1] Finished assignment for group at generation 404: {consumer-그룹1-1-5f85b8bd-01ef-4c1f-a362-1fd0a6857308=Assignment(partitions=[channel-chat-0])}
INFO  2022-07-25 17:02:45[org.springframework.kafka.KafkaListenerEndpointContainer#0-0-C-1] [ConsumerCoordinator:757] - [Consumer clientId=consumer-그룹1-1, groupId=그룹1] Successfully synced group in generation Generation{generationId=404, memberId='consumer-그룹1-1-5f85b8bd-01ef-4c1f-a362-1fd0a6857308', protocol='range'}
INFO  2022-07-25 17:02:45[org.springframework.kafka.KafkaListenerEndpointContainer#0-0-C-1] [ConsumerCoordinator:276] - [Consumer clientId=consumer-그룹1-1, groupId=그룹1] Notifying assignor about the new Assignment(partitions=[channel-chat-0])
INFO  2022-07-25 17:02:45[org.springframework.kafka.KafkaListenerEndpointContainer#0-0-C-1] [ConsumerCoordinator:288] - [Consumer clientId=consumer-그룹1-1, groupId=그룹1] Adding newly assigned partitions: channel-chat-0
INFO  2022-07-25 17:02:45[org.springframework.kafka.KafkaListenerEndpointContainer#0-0-C-1] [ConsumerCoordinator:818] - [Consumer clientId=consumer-그룹1-1, groupId=그룹1] Setting offset for partition channel-chat-0 to the committed offset FetchPosition{offset=192, offsetEpoch=Optional.empty, currentLeader=LeaderAndEpoch{leader=Optional[223.194.70.105:33233 (id: 1 rack: null)], epoch=0}}
INFO  2022-07-25 17:02:45[org.springframework.kafka.KafkaListenerEndpointContainer#0-0-C-1] [KafkaMessageListenerContainer:292] - 그룹1: partitions assigned: [channel-chat-0]
INFO  2022-07-25 17:06:35[MessageBroker-1] [WebSocketMessageBrokerStats:128] - WebSocketSession[0 current WS(0)-HttpStream(0)-HttpPoll(0), 0 total, 0 closed abnormally (0 connect failure, 0 send limit, 0 transport error)], stompSubProtocol[processed CONNECT(0)-CONNECTED(0)-DISCONNECT(0)], stompBrokerRelay[null], inboundChannel[pool size = 0, active threads = 0, queued tasks = 0, completed tasks = 0], outboundChannel[pool size = 0, active threads = 0, queued tasks = 0, completed tasks = 0], sockJsScheduler[pool size = 2, active threads = 1, queued tasks = 0, completed tasks = 1]
INFO  2022-07-25 17:36:35[MessageBroker-2] [WebSocketMessageBrokerStats:128] - WebSocketSession[0 current WS(0)-HttpStream(0)-HttpPoll(0), 0 total, 0 closed abnormally (0 connect failure, 0 send limit, 0 transport error)], stompSubProtocol[processed CONNECT(0)-CONNECTED(0)-DISCONNECT(0)], stompBrokerRelay[null], inboundChannel[pool size = 0, active threads = 0, queued tasks = 0, completed tasks = 0], outboundChannel[pool size = 0, active threads = 0, queued tasks = 0, completed tasks = 0], sockJsScheduler[pool size = 3, active threads = 1, queued tasks = 0, completed tasks = 2]
INFO  2022-07-25 17:43:11[Thread-5] [SimpleBrokerMessageHandler:137] - Stopping...
INFO  2022-07-25 17:43:11[Thread-5] [SimpleBrokerMessageHandler:137] - BrokerAvailabilityEvent[available=false, SimpleBrokerMessageHandler [org.springframework.messaging.simp.broker.DefaultSubscriptionRegistry@53e3e164]]
INFO  2022-07-25 17:43:11[Thread-5] [SimpleBrokerMessageHandler:137] - Stopped.
INFO  2022-07-25 17:43:12[org.springframework.kafka.KafkaListenerEndpointContainer#0-0-C-1] [ConsumerCoordinator:307] - [Consumer clientId=consumer-그룹1-1, groupId=그룹1] Revoke previously assigned partitions channel-chat-0
INFO  2022-07-25 17:43:12[org.springframework.kafka.KafkaListenerEndpointContainer#0-0-C-1] [KafkaMessageListenerContainer:292] - 그룹1: partitions revoked: [channel-chat-0]
INFO  2022-07-25 17:43:12[org.springframework.kafka.KafkaListenerEndpointContainer#0-0-C-1] [ConsumerCoordinator:1048] - [Consumer clientId=consumer-그룹1-1, groupId=그룹1] Member consumer-그룹1-1-5f85b8bd-01ef-4c1f-a362-1fd0a6857308 sending LeaveGroup request to coordinator 223.194.70.105:33233 (id: 2147483646 rack: null) due to the consumer unsubscribed from all topics
INFO  2022-07-25 17:43:12[org.springframework.kafka.KafkaListenerEndpointContainer#0-0-C-1] [ConsumerCoordinator:966] - [Consumer clientId=consumer-그룹1-1, groupId=그룹1] Resetting generation due to: consumer pro-actively leaving the group
INFO  2022-07-25 17:43:12[org.springframework.kafka.KafkaListenerEndpointContainer#0-0-C-1] [ConsumerCoordinator:988] - [Consumer clientId=consumer-그룹1-1, groupId=그룹1] Request joining group due to: consumer pro-actively leaving the group
INFO  2022-07-25 17:43:12[org.springframework.kafka.KafkaListenerEndpointContainer#0-0-C-1] [KafkaConsumer:1075] - [Consumer clientId=consumer-그룹1-1, groupId=그룹1] Unsubscribed all topics or patterns and assigned partitions
INFO  2022-07-25 17:43:12[org.springframework.kafka.KafkaListenerEndpointContainer#0-0-C-1] [ConsumerCoordinator:966] - [Consumer clientId=consumer-그룹1-1, groupId=그룹1] Resetting generation due to: consumer pro-actively leaving the group
INFO  2022-07-25 17:43:12[org.springframework.kafka.KafkaListenerEndpointContainer#0-0-C-1] [ConsumerCoordinator:988] - [Consumer clientId=consumer-그룹1-1, groupId=그룹1] Request joining group due to: consumer pro-actively leaving the group
INFO  2022-07-25 17:43:12[org.springframework.kafka.KafkaListenerEndpointContainer#0-0-C-1] [Metrics:659] - Metrics scheduler closed
INFO  2022-07-25 17:43:12[org.springframework.kafka.KafkaListenerEndpointContainer#0-0-C-1] [Metrics:663] - Closing reporter org.apache.kafka.common.metrics.JmxReporter
INFO  2022-07-25 17:43:12[org.springframework.kafka.KafkaListenerEndpointContainer#0-0-C-1] [Metrics:669] - Metrics reporters closed
INFO  2022-07-25 17:43:12[org.springframework.kafka.KafkaListenerEndpointContainer#0-0-C-1] [AppInfoParser:83] - App info kafka.consumer for consumer-그룹1-1 unregistered
INFO  2022-07-25 17:43:12[org.springframework.kafka.KafkaListenerEndpointContainer#0-0-C-1] [KafkaMessageListenerContainer:292] - 그룹1: Consumer stopped
INFO  2022-07-25 17:43:12[restartedMain] [VirtualAssetWebServerApplication:55] - Starting VirtualAssetWebServerApplication using Java 17.0.3 on DESKTOP-QDOJEIP with PID 42004 (C:\Users\violi\Documents\APL2022\VirtualAsset-WebServer\virtualAssetWebServer\target\classes started by violi in C:\Users\violi\Documents\APL2022\VirtualAsset-WebServer\virtualAssetWebServer)
INFO  2022-07-25 17:43:12[restartedMain] [VirtualAssetWebServerApplication:641] - The following profiles are active: prod
INFO  2022-07-25 17:43:12[restartedMain] [TomcatWebServer:108] - Tomcat initialized with port(s): 8080 (http)
INFO  2022-07-25 17:43:12[restartedMain] [Http11NioProtocol:173] - Initializing ProtocolHandler ["http-nio-8080"]
INFO  2022-07-25 17:43:12[restartedMain] [StandardService:173] - Starting service [Tomcat]
INFO  2022-07-25 17:43:12[restartedMain] [StandardEngine:173] - Starting Servlet engine: [Apache Tomcat/9.0.56]
INFO  2022-07-25 17:43:13[restartedMain] [[/]:173] - Initializing Spring embedded WebApplicationContext
INFO  2022-07-25 17:43:13[restartedMain] [ServletWebServerApplicationContext:290] - Root WebApplicationContext: initialization completed in 747 ms
INFO  2022-07-25 17:43:13[restartedMain] [WelcomePageHandlerMapping:53] - Adding welcome page: class path resource [static/index.html]
INFO  2022-07-25 17:43:14[restartedMain] [OptionalLiveReloadServer:58] - LiveReload server is running on port 35729
INFO  2022-07-25 17:43:14[restartedMain] [ConsumerConfig:376] - ConsumerConfig values: 
	allow.auto.create.topics = true
	auto.commit.interval.ms = 5000
	auto.offset.reset = latest
	bootstrap.servers = [223.194.70.105:33233]
	check.crcs = true
	client.dns.lookup = use_all_dns_ips
	client.id = consumer-그룹1-2
	client.rack = 
	connections.max.idle.ms = 540000
	default.api.timeout.ms = 60000
	enable.auto.commit = false
	exclude.internal.topics = true
	fetch.max.bytes = 52428800
	fetch.max.wait.ms = 500
	fetch.min.bytes = 1
	group.id = 그룹1
	group.instance.id = null
	heartbeat.interval.ms = 3000
	interceptor.classes = []
	internal.leave.group.on.close = true
	internal.throw.on.fetch.stable.offset.unsupported = false
	isolation.level = read_uncommitted
	key.deserializer = class org.apache.kafka.common.serialization.StringDeserializer
	max.partition.fetch.bytes = 1048576
	max.poll.interval.ms = 300000
	max.poll.records = 500
	metadata.max.age.ms = 300000
	metric.reporters = []
	metrics.num.samples = 2
	metrics.recording.level = INFO
	metrics.sample.window.ms = 30000
	partition.assignment.strategy = [class org.apache.kafka.clients.consumer.RangeAssignor, class org.apache.kafka.clients.consumer.CooperativeStickyAssignor]
	receive.buffer.bytes = 65536
	reconnect.backoff.max.ms = 1000
	reconnect.backoff.ms = 50
	request.timeout.ms = 30000
	retry.backoff.ms = 100
	sasl.client.callback.handler.class = null
	sasl.jaas.config = null
	sasl.kerberos.kinit.cmd = /usr/bin/kinit
	sasl.kerberos.min.time.before.relogin = 60000
	sasl.kerberos.service.name = null
	sasl.kerberos.ticket.renew.jitter = 0.05
	sasl.kerberos.ticket.renew.window.factor = 0.8
	sasl.login.callback.handler.class = null
	sasl.login.class = null
	sasl.login.refresh.buffer.seconds = 300
	sasl.login.refresh.min.period.seconds = 60
	sasl.login.refresh.window.factor = 0.8
	sasl.login.refresh.window.jitter = 0.05
	sasl.mechanism = GSSAPI
	security.protocol = PLAINTEXT
	security.providers = null
	send.buffer.bytes = 131072
	session.timeout.ms = 45000
	socket.connection.setup.timeout.max.ms = 30000
	socket.connection.setup.timeout.ms = 10000
	ssl.cipher.suites = null
	ssl.enabled.protocols = [TLSv1.2, TLSv1.3]
	ssl.endpoint.identification.algorithm = https
	ssl.engine.factory.class = null
	ssl.key.password = null
	ssl.keymanager.algorithm = SunX509
	ssl.keystore.certificate.chain = null
	ssl.keystore.key = null
	ssl.keystore.location = null
	ssl.keystore.password = null
	ssl.keystore.type = JKS
	ssl.protocol = TLSv1.3
	ssl.provider = null
	ssl.secure.random.implementation = null
	ssl.trustmanager.algorithm = PKIX
	ssl.truststore.certificates = null
	ssl.truststore.location = null
	ssl.truststore.password = null
	ssl.truststore.type = JKS
	value.deserializer = class org.springframework.kafka.support.serializer.ErrorHandlingDeserializer

INFO  2022-07-25 17:43:14[restartedMain] [AppInfoParser:119] - Kafka version: 3.0.0
INFO  2022-07-25 17:43:14[restartedMain] [AppInfoParser:120] - Kafka commitId: 8cb0a5e9d3441962
INFO  2022-07-25 17:43:14[restartedMain] [AppInfoParser:121] - Kafka startTimeMs: 1658738594176
INFO  2022-07-25 17:43:14[restartedMain] [KafkaConsumer:966] - [Consumer clientId=consumer-그룹1-2, groupId=그룹1] Subscribed to topic(s): channel-chat
INFO  2022-07-25 17:43:14[restartedMain] [Http11NioProtocol:173] - Starting ProtocolHandler ["http-nio-8080"]
INFO  2022-07-25 17:43:14[restartedMain] [TomcatWebServer:220] - Tomcat started on port(s): 8080 (http) with context path ''
INFO  2022-07-25 17:43:14[restartedMain] [SimpleBrokerMessageHandler:137] - Starting...
INFO  2022-07-25 17:43:14[restartedMain] [SimpleBrokerMessageHandler:137] - BrokerAvailabilityEvent[available=true, SimpleBrokerMessageHandler [org.springframework.messaging.simp.broker.DefaultSubscriptionRegistry@5633aebc]]
INFO  2022-07-25 17:43:14[restartedMain] [SimpleBrokerMessageHandler:137] - Started.
INFO  2022-07-25 17:43:14[restartedMain] [VirtualAssetWebServerApplication:61] - Started VirtualAssetWebServerApplication in 1.999 seconds (JVM running for 4062.51)
INFO  2022-07-25 17:43:14[restartedMain] [ConditionEvaluationDeltaLoggingListener:63] - Condition evaluation unchanged
INFO  2022-07-25 17:43:14[org.springframework.kafka.KafkaListenerEndpointContainer#0-0-C-1] [Metadata:287] - [Consumer clientId=consumer-그룹1-2, groupId=그룹1] Cluster ID: R-4kZ6JRTMq3W1cemP21eA
INFO  2022-07-25 17:43:14[org.springframework.kafka.KafkaListenerEndpointContainer#0-0-C-1] [ConsumerCoordinator:849] - [Consumer clientId=consumer-그룹1-2, groupId=그룹1] Discovered group coordinator 223.194.70.105:33233 (id: 2147483646 rack: null)
INFO  2022-07-25 17:43:14[org.springframework.kafka.KafkaListenerEndpointContainer#0-0-C-1] [ConsumerCoordinator:535] - [Consumer clientId=consumer-그룹1-2, groupId=그룹1] (Re-)joining group
INFO  2022-07-25 17:43:14[org.springframework.kafka.KafkaListenerEndpointContainer#0-0-C-1] [ConsumerCoordinator:988] - [Consumer clientId=consumer-그룹1-2, groupId=그룹1] Request joining group due to: need to re-join with the given member-id
INFO  2022-07-25 17:43:14[org.springframework.kafka.KafkaListenerEndpointContainer#0-0-C-1] [ConsumerCoordinator:535] - [Consumer clientId=consumer-그룹1-2, groupId=그룹1] (Re-)joining group
INFO  2022-07-25 17:43:17[org.springframework.kafka.KafkaListenerEndpointContainer#0-0-C-1] [ConsumerCoordinator:591] - [Consumer clientId=consumer-그룹1-2, groupId=그룹1] Successfully joined group with generation Generation{generationId=406, memberId='consumer-그룹1-2-c426eac0-77ec-465c-b70e-78af319b71e6', protocol='range'}
INFO  2022-07-25 17:43:17[org.springframework.kafka.KafkaListenerEndpointContainer#0-0-C-1] [ConsumerCoordinator:626] - [Consumer clientId=consumer-그룹1-2, groupId=그룹1] Finished assignment for group at generation 406: {consumer-그룹1-2-c426eac0-77ec-465c-b70e-78af319b71e6=Assignment(partitions=[channel-chat-0])}
INFO  2022-07-25 17:43:17[org.springframework.kafka.KafkaListenerEndpointContainer#0-0-C-1] [ConsumerCoordinator:757] - [Consumer clientId=consumer-그룹1-2, groupId=그룹1] Successfully synced group in generation Generation{generationId=406, memberId='consumer-그룹1-2-c426eac0-77ec-465c-b70e-78af319b71e6', protocol='range'}
INFO  2022-07-25 17:43:17[org.springframework.kafka.KafkaListenerEndpointContainer#0-0-C-1] [ConsumerCoordinator:276] - [Consumer clientId=consumer-그룹1-2, groupId=그룹1] Notifying assignor about the new Assignment(partitions=[channel-chat-0])
INFO  2022-07-25 17:43:17[org.springframework.kafka.KafkaListenerEndpointContainer#0-0-C-1] [ConsumerCoordinator:288] - [Consumer clientId=consumer-그룹1-2, groupId=그룹1] Adding newly assigned partitions: channel-chat-0
INFO  2022-07-25 17:43:17[org.springframework.kafka.KafkaListenerEndpointContainer#0-0-C-1] [ConsumerCoordinator:818] - [Consumer clientId=consumer-그룹1-2, groupId=그룹1] Setting offset for partition channel-chat-0 to the committed offset FetchPosition{offset=192, offsetEpoch=Optional.empty, currentLeader=LeaderAndEpoch{leader=Optional[223.194.70.105:33233 (id: 1 rack: null)], epoch=0}}
INFO  2022-07-25 17:43:17[org.springframework.kafka.KafkaListenerEndpointContainer#0-0-C-1] [KafkaMessageListenerContainer:292] - 그룹1: partitions assigned: [channel-chat-0]
INFO  2022-07-25 17:43:42[http-nio-8080-exec-1] [[/]:173] - Initializing Spring DispatcherServlet 'dispatcherServlet'
INFO  2022-07-25 17:43:42[http-nio-8080-exec-1] [DispatcherServlet:525] - Initializing Servlet 'dispatcherServlet'
INFO  2022-07-25 17:43:42[http-nio-8080-exec-1] [DispatcherServlet:547] - Completed initialization in 1 ms
INFO  2022-07-25 17:44:13[MessageBroker-1] [WebSocketMessageBrokerStats:128] - WebSocketSession[0 current WS(0)-HttpStream(0)-HttpPoll(0), 0 total, 0 closed abnormally (0 connect failure, 0 send limit, 0 transport error)], stompSubProtocol[processed CONNECT(0)-CONNECTED(0)-DISCONNECT(0)], stompBrokerRelay[null], inboundChannel[pool size = 0, active threads = 0, queued tasks = 0, completed tasks = 0], outboundChannel[pool size = 0, active threads = 0, queued tasks = 0, completed tasks = 0], sockJsScheduler[pool size = 1, active threads = 1, queued tasks = 0, completed tasks = 0]
INFO  2022-07-25 17:44:56[org.springframework.kafka.KafkaListenerEndpointContainer#0-0-C-1] [ConsumerCoordinator:988] - [Consumer clientId=consumer-그룹1-2, groupId=그룹1] Request joining group due to: group is already rebalancing
INFO  2022-07-25 17:44:56[org.springframework.kafka.KafkaListenerEndpointContainer#0-0-C-1] [ConsumerCoordinator:307] - [Consumer clientId=consumer-그룹1-2, groupId=그룹1] Revoke previously assigned partitions channel-chat-0
INFO  2022-07-25 17:44:56[org.springframework.kafka.KafkaListenerEndpointContainer#0-0-C-1] [KafkaMessageListenerContainer:292] - 그룹1: partitions revoked: [channel-chat-0]
INFO  2022-07-25 17:44:56[org.springframework.kafka.KafkaListenerEndpointContainer#0-0-C-1] [ConsumerCoordinator:535] - [Consumer clientId=consumer-그룹1-2, groupId=그룹1] (Re-)joining group
INFO  2022-07-25 17:44:56[org.springframework.kafka.KafkaListenerEndpointContainer#0-0-C-1] [ConsumerCoordinator:591] - [Consumer clientId=consumer-그룹1-2, groupId=그룹1] Successfully joined group with generation Generation{generationId=407, memberId='consumer-그룹1-2-c426eac0-77ec-465c-b70e-78af319b71e6', protocol='range'}
INFO  2022-07-25 17:44:56[org.springframework.kafka.KafkaListenerEndpointContainer#0-0-C-1] [ConsumerCoordinator:626] - [Consumer clientId=consumer-그룹1-2, groupId=그룹1] Finished assignment for group at generation 407: {consumer-그룹1-1-ce840544-7a3c-490f-85cb-3f661cd89896=Assignment(partitions=[channel-chat-0]), consumer-그룹1-2-c426eac0-77ec-465c-b70e-78af319b71e6=Assignment(partitions=[])}
INFO  2022-07-25 17:44:56[org.springframework.kafka.KafkaListenerEndpointContainer#0-0-C-1] [ConsumerCoordinator:757] - [Consumer clientId=consumer-그룹1-2, groupId=그룹1] Successfully synced group in generation Generation{generationId=407, memberId='consumer-그룹1-2-c426eac0-77ec-465c-b70e-78af319b71e6', protocol='range'}
INFO  2022-07-25 17:44:56[org.springframework.kafka.KafkaListenerEndpointContainer#0-0-C-1] [ConsumerCoordinator:276] - [Consumer clientId=consumer-그룹1-2, groupId=그룹1] Notifying assignor about the new Assignment(partitions=[])
INFO  2022-07-25 17:44:56[org.springframework.kafka.KafkaListenerEndpointContainer#0-0-C-1] [ConsumerCoordinator:288] - [Consumer clientId=consumer-그룹1-2, groupId=그룹1] Adding newly assigned partitions: 
INFO  2022-07-25 17:44:56[org.springframework.kafka.KafkaListenerEndpointContainer#0-0-C-1] [KafkaMessageListenerContainer:292] - 그룹1: partitions assigned: []
INFO  2022-07-25 17:49:48[http-nio-8080-exec-7] [HikariDataSource:110] - HikariPool-1 - Starting...
INFO  2022-07-25 17:49:49[http-nio-8080-exec-7] [HikariDataSource:123] - HikariPool-1 - Start completed.
INFO  2022-07-25 18:14:13[MessageBroker-1] [WebSocketMessageBrokerStats:128] - WebSocketSession[0 current WS(0)-HttpStream(0)-HttpPoll(0), 0 total, 0 closed abnormally (0 connect failure, 0 send limit, 0 transport error)], stompSubProtocol[processed CONNECT(0)-CONNECTED(0)-DISCONNECT(0)], stompBrokerRelay[null], inboundChannel[pool size = 0, active threads = 0, queued tasks = 0, completed tasks = 0], outboundChannel[pool size = 0, active threads = 0, queued tasks = 0, completed tasks = 0], sockJsScheduler[pool size = 2, active threads = 1, queued tasks = 0, completed tasks = 1]
INFO  2022-07-25 18:44:13[MessageBroker-2] [WebSocketMessageBrokerStats:128] - WebSocketSession[0 current WS(0)-HttpStream(0)-HttpPoll(0), 0 total, 0 closed abnormally (0 connect failure, 0 send limit, 0 transport error)], stompSubProtocol[processed CONNECT(0)-CONNECTED(0)-DISCONNECT(0)], stompBrokerRelay[null], inboundChannel[pool size = 0, active threads = 0, queued tasks = 0, completed tasks = 0], outboundChannel[pool size = 0, active threads = 0, queued tasks = 0, completed tasks = 0], sockJsScheduler[pool size = 3, active threads = 1, queued tasks = 0, completed tasks = 2]
INFO  2022-07-25 19:14:13[MessageBroker-1] [WebSocketMessageBrokerStats:128] - WebSocketSession[0 current WS(0)-HttpStream(0)-HttpPoll(0), 0 total, 0 closed abnormally (0 connect failure, 0 send limit, 0 transport error)], stompSubProtocol[processed CONNECT(0)-CONNECTED(0)-DISCONNECT(0)], stompBrokerRelay[null], inboundChannel[pool size = 0, active threads = 0, queued tasks = 0, completed tasks = 0], outboundChannel[pool size = 0, active threads = 0, queued tasks = 0, completed tasks = 0], sockJsScheduler[pool size = 4, active threads = 1, queued tasks = 0, completed tasks = 3]
INFO  2022-07-25 19:44:13[MessageBroker-3] [WebSocketMessageBrokerStats:128] - WebSocketSession[0 current WS(0)-HttpStream(0)-HttpPoll(0), 0 total, 0 closed abnormally (0 connect failure, 0 send limit, 0 transport error)], stompSubProtocol[processed CONNECT(0)-CONNECTED(0)-DISCONNECT(0)], stompBrokerRelay[null], inboundChannel[pool size = 0, active threads = 0, queued tasks = 0, completed tasks = 0], outboundChannel[pool size = 0, active threads = 0, queued tasks = 0, completed tasks = 0], sockJsScheduler[pool size = 5, active threads = 1, queued tasks = 0, completed tasks = 4]
INFO  2022-07-25 20:14:13[MessageBroker-2] [WebSocketMessageBrokerStats:128] - WebSocketSession[0 current WS(0)-HttpStream(0)-HttpPoll(0), 0 total, 0 closed abnormally (0 connect failure, 0 send limit, 0 transport error)], stompSubProtocol[processed CONNECT(0)-CONNECTED(0)-DISCONNECT(0)], stompBrokerRelay[null], inboundChannel[pool size = 0, active threads = 0, queued tasks = 0, completed tasks = 0], outboundChannel[pool size = 0, active threads = 0, queued tasks = 0, completed tasks = 0], sockJsScheduler[pool size = 6, active threads = 1, queued tasks = 0, completed tasks = 5]
INFO  2022-07-25 20:44:13[MessageBroker-4] [WebSocketMessageBrokerStats:128] - WebSocketSession[0 current WS(0)-HttpStream(0)-HttpPoll(0), 0 total, 0 closed abnormally (0 connect failure, 0 send limit, 0 transport error)], stompSubProtocol[processed CONNECT(0)-CONNECTED(0)-DISCONNECT(0)], stompBrokerRelay[null], inboundChannel[pool size = 0, active threads = 0, queued tasks = 0, completed tasks = 0], outboundChannel[pool size = 0, active threads = 0, queued tasks = 0, completed tasks = 0], sockJsScheduler[pool size = 7, active threads = 1, queued tasks = 0, completed tasks = 6]
INFO  2022-07-25 21:14:13[MessageBroker-1] [WebSocketMessageBrokerStats:128] - WebSocketSession[0 current WS(0)-HttpStream(0)-HttpPoll(0), 0 total, 0 closed abnormally (0 connect failure, 0 send limit, 0 transport error)], stompSubProtocol[processed CONNECT(0)-CONNECTED(0)-DISCONNECT(0)], stompBrokerRelay[null], inboundChannel[pool size = 0, active threads = 0, queued tasks = 0, completed tasks = 0], outboundChannel[pool size = 0, active threads = 0, queued tasks = 0, completed tasks = 0], sockJsScheduler[pool size = 8, active threads = 1, queued tasks = 0, completed tasks = 7]
INFO  2022-07-25 21:44:13[MessageBroker-1] [WebSocketMessageBrokerStats:128] - WebSocketSession[0 current WS(0)-HttpStream(0)-HttpPoll(0), 0 total, 0 closed abnormally (0 connect failure, 0 send limit, 0 transport error)], stompSubProtocol[processed CONNECT(0)-CONNECTED(0)-DISCONNECT(0)], stompBrokerRelay[null], inboundChannel[pool size = 0, active threads = 0, queued tasks = 0, completed tasks = 0], outboundChannel[pool size = 0, active threads = 0, queued tasks = 0, completed tasks = 0], sockJsScheduler[pool size = 8, active threads = 1, queued tasks = 0, completed tasks = 8]
INFO  2022-07-25 21:44:28[http-nio-8080-exec-2] [MybatisExploreRepository:22] - Find in DB = [CommunityBannerEntity(id=1, name=강남 재개발 구역 공동투자, concludedContractAmount=0, totalContractAmount=0, memberAmount=0, introduce=강남 노른자 땅 재개발 지역 위주 공동 투자하실 분들이 모이는 커뮤니티 입니다. 자유롭게 와서 정보 보시고 같이 투자해봐요~, tags=부동산:재개발:강남, recentActivity=null), CommunityBannerEntity(id=2, name=제주 휴양지 공동투자, concludedContractAmount=0, totalContractAmount=0, memberAmount=0, introduce=목 좋은 제주도 휴양지 정보 공유하고 같이 투자하실 분 모집합니다., tags=부동산:휴양지:제주, recentActivity=null), CommunityBannerEntity(id=3, name=홍대 갤러리, concludedContractAmount=0, totalContractAmount=0, memberAmount=0, introduce=홍대 졸업생&졸업 예정 학생의 작품에 미리 투자하고 작품을 구매해 보세요, tags=예술작품:홍대, recentActivity=null), CommunityBannerEntity(id=4, name=유찾모 , concludedContractAmount=0, totalContractAmount=0, memberAmount=0, introduce=유출 문화재 찾아오는 사람들의 모임, tags=예술작품:문화유산, recentActivity=null), CommunityBannerEntity(id=5, name=The Modern Arts, concludedContractAmount=0, totalContractAmount=0, memberAmount=0, introduce=주목받는 현대 미술 작가들의 최신작품 경매에 공동으로 참여 하실 분들 모여봅시다., tags=예술작품:현대미술, recentActivity=null), CommunityBannerEntity(id=10, name=신도시 분양 투자, concludedContractAmount=0, totalContractAmount=0, memberAmount=0, introduce=신도시의 아파트를 공동 구매하려 자금을 굴려보실분들 모집합니다, tags=부동산:신도시, recentActivity=null)]
INFO  2022-07-25 21:48:41[http-nio-8080-exec-7] [TestController:56] - {"assetId":"default"}
